::1 - - [18/Aug/2018:12:22:23 +0000] "GET /v1.0/words/word HTTP/1.1" 403 48 "-" "PostmanRuntime/7.2.0"
::1 - - [18/Aug/2018:12:23:01 +0000] "GET /v1.0/words/word HTTP/1.1" 200 702 "-" "PostmanRuntime/7.2.0"
::1 - - [18/Aug/2018:12:23:08 +0000] "GET /v1.0/setting HTTP/1.1" 200 480 "-" "PostmanRuntime/7.2.0"
::1 - - [18/Aug/2018:12:25:07 +0000] "GET /v1.0/words/word/5b766942ee920a003dfdbd4b HTTP/1.1" - - "-" "PostmanRuntime/7.2.0"
::1 - - [18/Aug/2018:12:25:23 +0000] "GET /v1.0/words/word/5b766942ee920a003dfdbd4b1 HTTP/1.1" 200 60 "-" "PostmanRuntime/7.2.0"
::1 - - [18/Aug/2018:12:25:25 +0000] "GET /v1.0/words/word/5b766942ee920a003dfdbd4b1 HTTP/1.1" 200 60 "-" "PostmanRuntime/7.2.0"
::1 - - [18/Aug/2018:12:26:05 +0000] "GET /v1.0/words/word/5b766942ee920a003dfdbd4b HTTP/1.1" 200 54 "-" "PostmanRuntime/7.2.0"
::1 - - [18/Aug/2018:12:26:22 +0000] "GET /v1.0/words/word/5b766942ee920a003dfdbd4b HTTP/1.1" 200 74 "-" "PostmanRuntime/7.2.0"
::1 - - [18/Aug/2018:12:26:34 +0000] "GET /v1.0/words/word/5b766942ee920a003dfdbd4b HTTP/1.1" 200 54 "-" "PostmanRuntime/7.2.0"
::1 - - [18/Aug/2018:12:26:51 +0000] "GET /v1.0/words/word/5b76709d67f356005f7ab4cc HTTP/1.1" 200 54 "-" "PostmanRuntime/7.2.0"
::1 - - [18/Aug/2018:13:14:23 +0000] "POST /v1.0/consume HTTP/1.1" 200 313 "-" "PostmanRuntime/7.2.0"
::1 - - [18/Aug/2018:13:14:38 +0000] "GET /v1.0/consume HTTP/1.1" 200 54 "-" "PostmanRuntime/7.2.0"
::1 - - [18/Aug/2018:13:14:49 +0000] "GET /v1.0/consume HTTP/1.1" 200 54 "-" "PostmanRuntime/7.2.0"
::1 - - [18/Aug/2018:13:15:37 +0000] "GET /v1.0/consume HTTP/1.1" 200 54 "-" "PostmanRuntime/7.2.0"
::1 - - [18/Aug/2018:13:15:45 +0000] "GET /v1.0/consume HTTP/1.1" 200 54 "-" "PostmanRuntime/7.2.0"
::1 - - [18/Aug/2018:13:15:55 +0000] "GET /v1.0/consume HTTP/1.1" 200 54 "-" "PostmanRuntime/7.2.0"
::1 - - [18/Aug/2018:13:18:35 +0000] "GET /v1.0/consume HTTP/1.1" 200 54 "-" "PostmanRuntime/7.2.0"
::1 - - [18/Aug/2018:13:18:44 +0000] "GET /v1.0/consume HTTP/1.1" 200 54 "-" "PostmanRuntime/7.2.0"
::1 - - [18/Aug/2018:13:18:58 +0000] "GET /v1.0/consume HTTP/1.1" - - "-" "PostmanRuntime/7.2.0"
::1 - - [18/Aug/2018:13:18:59 +0000] "GET /v1.0/consume HTTP/1.1" 200 54 "-" "PostmanRuntime/7.2.0"
::1 - - [18/Aug/2018:13:19:41 +0000] "GET /v1.0/consume HTTP/1.1" 200 4785 "-" "PostmanRuntime/7.2.0"
::1 - - [18/Aug/2018:13:31:45 +0000] "GET /v1.0/consume HTTP/1.1" 200 4785 "-" "PostmanRuntime/7.2.0"
::1 - - [18/Aug/2018:13:39:05 +0000] "GET /v1.0/words/word/5b76709d67f356005f7ab4cc HTTP/1.1" 200 54 "-" "PostmanRuntime/7.2.0"
::1 - - [18/Aug/2018:13:40:44 +0000] "GET /v1.0/words/word/5b76709d67f356005f7ab4cc HTTP/1.1" 200 150 "-" "PostmanRuntime/7.2.0"
::1 - - [18/Aug/2018:13:48:20 +0000] "GET /v1.0/words/word/5b766942ee920a003dfdbd4b HTTP/1.1" 200 52 "-" "PostmanRuntime/7.2.0"
::1 - - [18/Aug/2018:13:48:39 +0000] "GET /v1.0/words/word/5b766942ee920a003dfdbd4b HTTP/1.1" 200 52 "-" "PostmanRuntime/7.2.0"
::1 - - [18/Aug/2018:13:54:19 +0000] "GET /v1.0/words/word/5b766942ee920a003dfdbd4b HTTP/1.1" 200 52 "-" "PostmanRuntime/7.2.0"
::1 - - [18/Aug/2018:13:55:56 +0000] "GET /v1.0/words/word/5b766942ee920a003dfdbd4b HTTP/1.1" 200 52 "-" "PostmanRuntime/7.2.0"
::1 - - [18/Aug/2018:13:56:35 +0000] "GET /v1.0/words/word/5b766942ee920a003dfdbd4b HTTP/1.1" 200 52 "-" "PostmanRuntime/7.2.0"
::1 - - [18/Aug/2018:13:56:42 +0000] "GET /v1.0/words/word/5b766942ee920a003dfdbd4b HTTP/1.1" 200 52 "-" "PostmanRuntime/7.2.0"
::1 - - [18/Aug/2018:13:59:41 +0000] "GET /v1.0/words/word/5b766942ee920a003dfdbd4b HTTP/1.1" 200 52 "-" "PostmanRuntime/7.2.0"
::1 - - [18/Aug/2018:13:59:50 +0000] "GET /v1.0/words/word/5b766942ee920a003dfdbd4b HTTP/1.1" 200 52 "-" "PostmanRuntime/7.2.0"
::1 - - [18/Aug/2018:14:01:37 +0000] "GET /v1.0/words/word/5b766942ee920a003dfdbd4b HTTP/1.1" 200 52 "-" "PostmanRuntime/7.2.0"
::1 - - [18/Aug/2018:14:02:02 +0000] "GET /v1.0/words/word/5b766942ee920a003dfdbd4b HTTP/1.1" 200 52 "-" "PostmanRuntime/7.2.0"
::1 - - [18/Aug/2018:14:02:26 +0000] "GET /v1.0/words/word/5b766942ee920a003dfdbd4b HTTP/1.1" 200 91 "-" "PostmanRuntime/7.2.0"
::1 - - [18/Aug/2018:14:02:37 +0000] "GET /v1.0/words/word/5b766942ee920a003dfdbd4b HTTP/1.1" 200 91 "-" "PostmanRuntime/7.2.0"
::1 - - [18/Aug/2018:14:02:54 +0000] "GET /v1.0/words/word/5b766942ee920a003dfdbd4b HTTP/1.1" 200 52 "-" "PostmanRuntime/7.2.0"
::1 - - [18/Aug/2018:14:03:17 +0000] "GET /v1.0/words/word/5b766942ee920a003dfdbd4b HTTP/1.1" 200 52 "-" "PostmanRuntime/7.2.0"
::1 - - [18/Aug/2018:14:03:32 +0000] "GET /v1.0/words/word/5b766942ee920a003dfdbd4b HTTP/1.1" 200 52 "-" "PostmanRuntime/7.2.0"
::1 - - [18/Aug/2018:14:05:04 +0000] "GET /v1.0/words/word/5b766942ee920a003dfdbd4b HTTP/1.1" 200 359 "-" "PostmanRuntime/7.2.0"
::1 - - [18/Aug/2018:14:05:29 +0000] "GET /v1.0/words/word/5b766942ee920a003dfdbd4b HTTP/1.1" 200 359 "-" "PostmanRuntime/7.2.0"
::1 - - [18/Aug/2018:14:05:42 +0000] "GET /v1.0/words/word/5b766942ee920a003dfdbd4b HTTP/1.1" 200 359 "-" "PostmanRuntime/7.2.0"
::1 - - [18/Aug/2018:14:06:05 +0000] "GET /v1.0/words/word/5b766942ee920a003dfdbd4b HTTP/1.1" 200 359 "-" "PostmanRuntime/7.2.0"
