::1 - - [17/Aug/2018:02:39:28 +0000] "POST /v1.0/words/relation HTTP/1.1" 400 200 "-" "Mozilla/5.0 (X11; Linux x86_64) AppleWebKit/537.36 (KHTML, like Gecko) Chrome/63.0.3239.132 Safari/537.36"
::1 - - [17/Aug/2018:02:41:42 +0000] "POST /v1.0/words/relation HTTP/1.1" - - "-" "Mozilla/5.0 (X11; Linux x86_64) AppleWebKit/537.36 (KHTML, like Gecko) Chrome/63.0.3239.132 Safari/537.36"
::1 - - [17/Aug/2018:02:42:02 +0000] "POST /v1.0/words/relation HTTP/1.1" 200 87 "-" "Mozilla/5.0 (X11; Linux x86_64) AppleWebKit/537.36 (KHTML, like Gecko) Chrome/63.0.3239.132 Safari/537.36"
::1 - - [17/Aug/2018:02:54:45 +0000] "POST /v1.0/words/relation HTTP/1.1" 200 85 "-" "Mozilla/5.0 (X11; Linux x86_64) AppleWebKit/537.36 (KHTML, like Gecko) Chrome/63.0.3239.132 Safari/537.36"
::1 - - [17/Aug/2018:02:55:15 +0000] "POST /v1.0/words/relation HTTP/1.1" 200 82 "-" "Mozilla/5.0 (X11; Linux x86_64) AppleWebKit/537.36 (KHTML, like Gecko) Chrome/63.0.3239.132 Safari/537.36"
::1 - - [17/Aug/2018:02:55:29 +0000] "POST /v1.0/words/relation HTTP/1.1" 200 54 "-" "Mozilla/5.0 (X11; Linux x86_64) AppleWebKit/537.36 (KHTML, like Gecko) Chrome/63.0.3239.132 Safari/537.36"
::1 - - [17/Aug/2018:02:57:29 +0000] "POST /v1.0/words/relation HTTP/1.1" 200 81 "-" "Mozilla/5.0 (X11; Linux x86_64) AppleWebKit/537.36 (KHTML, like Gecko) Chrome/63.0.3239.132 Safari/537.36"
::1 - - [17/Aug/2018:02:59:08 +0000] "POST /v1.0/words/relation HTTP/1.1" 200 76 "-" "Mozilla/5.0 (X11; Linux x86_64) AppleWebKit/537.36 (KHTML, like Gecko) Chrome/63.0.3239.132 Safari/537.36"
::1 - - [17/Aug/2018:02:59:18 +0000] "POST /v1.0/words/relation HTTP/1.1" 200 81 "-" "Mozilla/5.0 (X11; Linux x86_64) AppleWebKit/537.36 (KHTML, like Gecko) Chrome/63.0.3239.132 Safari/537.36"
::1 - - [17/Aug/2018:02:59:42 +0000] "POST /v1.0/words/relation HTTP/1.1" 200 54 "-" "Mozilla/5.0 (X11; Linux x86_64) AppleWebKit/537.36 (KHTML, like Gecko) Chrome/63.0.3239.132 Safari/537.36"
::1 - - [17/Aug/2018:03:07:51 +0000] "POST /v1.0/words/relation HTTP/1.1" 200 77 "-" "Mozilla/5.0 (X11; Linux x86_64) AppleWebKit/537.36 (KHTML, like Gecko) Chrome/63.0.3239.132 Safari/537.36"
::1 - - [17/Aug/2018:03:08:31 +0000] "POST /v1.0/words/relation HTTP/1.1" 200 81 "-" "Mozilla/5.0 (X11; Linux x86_64) AppleWebKit/537.36 (KHTML, like Gecko) Chrome/63.0.3239.132 Safari/537.36"
::1 - - [17/Aug/2018:03:08:44 +0000] "POST /v1.0/words/relation HTTP/1.1" 200 54 "-" "Mozilla/5.0 (X11; Linux x86_64) AppleWebKit/537.36 (KHTML, like Gecko) Chrome/63.0.3239.132 Safari/537.36"
::1 - - [17/Aug/2018:03:09:35 +0000] "POST /v1.0/words/relation HTTP/1.1" 200 54 "-" "Mozilla/5.0 (X11; Linux x86_64) AppleWebKit/537.36 (KHTML, like Gecko) Chrome/63.0.3239.132 Safari/537.36"
::1 - - [17/Aug/2018:03:09:37 +0000] "POST /v1.0/words/relation HTTP/1.1" 200 54 "-" "Mozilla/5.0 (X11; Linux x86_64) AppleWebKit/537.36 (KHTML, like Gecko) Chrome/63.0.3239.132 Safari/537.36"
::1 - - [17/Aug/2018:03:11:27 +0000] "POST /v1.0/words/relation HTTP/1.1" 200 90 "-" "Mozilla/5.0 (X11; Linux x86_64) AppleWebKit/537.36 (KHTML, like Gecko) Chrome/63.0.3239.132 Safari/537.36"
::1 - - [17/Aug/2018:03:11:41 +0000] "POST /v1.0/words/relation HTTP/1.1" 200 874 "-" "Mozilla/5.0 (X11; Linux x86_64) AppleWebKit/537.36 (KHTML, like Gecko) Chrome/63.0.3239.132 Safari/537.36"
::1 - - [17/Aug/2018:03:30:24 +0000] "GET /v1.0/setting HTTP/1.1" 200 91 "-" "Mozilla/5.0 (X11; Linux x86_64) AppleWebKit/537.36 (KHTML, like Gecko) Chrome/63.0.3239.132 Safari/537.36"
::1 - - [17/Aug/2018:03:32:54 +0000] "GET /v1.0/setting HTTP/1.1" 200 102 "-" "Mozilla/5.0 (X11; Linux x86_64) AppleWebKit/537.36 (KHTML, like Gecko) Chrome/63.0.3239.132 Safari/537.36"
::1 - - [17/Aug/2018:03:33:30 +0000] "GET /v1.0/setting HTTP/1.1" 200 91 "-" "Mozilla/5.0 (X11; Linux x86_64) AppleWebKit/537.36 (KHTML, like Gecko) Chrome/63.0.3239.132 Safari/537.36"
::1 - - [17/Aug/2018:03:34:03 +0000] "GET /v1.0/setting HTTP/1.1" 200 473 "-" "Mozilla/5.0 (X11; Linux x86_64) AppleWebKit/537.36 (KHTML, like Gecko) Chrome/63.0.3239.132 Safari/537.36"
::1 - - [17/Aug/2018:03:35:29 +0000] "GET /v1.0/setting/fix HTTP/1.1" 403 23 "-" "Mozilla/5.0 (X11; Linux x86_64) AppleWebKit/537.36 (KHTML, like Gecko) Chrome/63.0.3239.132 Safari/537.36"
::1 - - [17/Aug/2018:03:35:49 +0000] "GET /v1.0/setting/fix HTTP/1.1" 200 - "-" "Mozilla/5.0 (X11; Linux x86_64) AppleWebKit/537.36 (KHTML, like Gecko) Chrome/63.0.3239.132 Safari/537.36"
::1 - - [17/Aug/2018:03:40:17 +0000] "PATCH /v1.0/setting HTTP/1.1" 200 275 "-" "Mozilla/5.0 (X11; Linux x86_64) AppleWebKit/537.36 (KHTML, like Gecko) Chrome/63.0.3239.132 Safari/537.36"
::1 - - [17/Aug/2018:03:41:11 +0000] "PATCH /v1.0/setting HTTP/1.1" 200 72 "-" "Mozilla/5.0 (X11; Linux x86_64) AppleWebKit/537.36 (KHTML, like Gecko) Chrome/63.0.3239.132 Safari/537.36"
::1 - - [17/Aug/2018:03:41:15 +0000] "PATCH /v1.0/setting HTTP/1.1" 200 281 "-" "Mozilla/5.0 (X11; Linux x86_64) AppleWebKit/537.36 (KHTML, like Gecko) Chrome/63.0.3239.132 Safari/537.36"
::1 - - [17/Aug/2018:03:50:18 +0000] "GET /v1.0/words/relation HTTP/1.1" 404 1123 "-" "Mozilla/5.0 (X11; Linux x86_64) AppleWebKit/537.36 (KHTML, like Gecko) Chrome/63.0.3239.132 Safari/537.36"
::1 - - [17/Aug/2018:03:50:27 +0000] "GET /v1.0/words/word HTTP/1.1" 200 54 "-" "Mozilla/5.0 (X11; Linux x86_64) AppleWebKit/537.36 (KHTML, like Gecko) Chrome/63.0.3239.132 Safari/537.36"
::1 - - [17/Aug/2018:03:50:46 +0000] "GET /v1.0/words/word HTTP/1.1" 200 54 "-" "Mozilla/5.0 (X11; Linux x86_64) AppleWebKit/537.36 (KHTML, like Gecko) Chrome/63.0.3239.132 Safari/537.36"
::1 - - [17/Aug/2018:04:00:04 +0000] "GET /v1.0/words/word HTTP/1.1" 200 54 "-" "Mozilla/5.0 (X11; Linux x86_64) AppleWebKit/537.36 (KHTML, like Gecko) Chrome/63.0.3239.132 Safari/537.36"
::1 - - [17/Aug/2018:04:00:10 +0000] "GET /v1.0/words/word HTTP/1.1" 200 54 "-" "Mozilla/5.0 (X11; Linux x86_64) AppleWebKit/537.36 (KHTML, like Gecko) Chrome/63.0.3239.132 Safari/537.36"
::1 - - [17/Aug/2018:04:01:54 +0000] "POST /v1.0/words/lawClause HTTP/1.1" 200 418 "-" "Mozilla/5.0 (X11; Linux x86_64) AppleWebKit/537.36 (KHTML, like Gecko) Chrome/63.0.3239.132 Safari/537.36"
::1 - - [17/Aug/2018:04:03:13 +0000] "PATCH /v1.0/setting HTTP/1.1" 200 288 "-" "Mozilla/5.0 (X11; Linux x86_64) AppleWebKit/537.36 (KHTML, like Gecko) Chrome/63.0.3239.132 Safari/537.36"
::1 - - [17/Aug/2018:04:05:04 +0000] "GET /v1.0/words/word HTTP/1.1" 200 54 "-" "Mozilla/5.0 (X11; Linux x86_64) AppleWebKit/537.36 (KHTML, like Gecko) Chrome/63.0.3239.132 Safari/537.36"
::1 - - [17/Aug/2018:04:07:15 +0000] "POST /v1.0/words/relation HTTP/1.1" - - "-" "Mozilla/5.0 (X11; Linux x86_64) AppleWebKit/537.36 (KHTML, like Gecko) Chrome/63.0.3239.132 Safari/537.36"
::1 - - [17/Aug/2018:04:07:20 +0000] "POST /v1.0/words/relation HTTP/1.1" - - "-" "Mozilla/5.0 (X11; Linux x86_64) AppleWebKit/537.36 (KHTML, like Gecko) Chrome/63.0.3239.132 Safari/537.36"
::1 - - [17/Aug/2018:04:11:39 +0000] "POST /v1.0/words/relation HTTP/1.1" - - "-" "Mozilla/5.0 (X11; Linux x86_64) AppleWebKit/537.36 (KHTML, like Gecko) Chrome/63.0.3239.132 Safari/537.36"
::1 - - [17/Aug/2018:04:13:36 +0000] "POST /v1.0/words/relation HTTP/1.1" - - "-" "Mozilla/5.0 (X11; Linux x86_64) AppleWebKit/537.36 (KHTML, like Gecko) Chrome/63.0.3239.132 Safari/537.36"
::1 - - [17/Aug/2018:04:14:19 +0000] "POST /v1.0/words/relation HTTP/1.1" 200 106 "-" "Mozilla/5.0 (X11; Linux x86_64) AppleWebKit/537.36 (KHTML, like Gecko) Chrome/63.0.3239.132 Safari/537.36"
::1 - - [17/Aug/2018:04:16:54 +0000] "POST /v1.0/words/relation HTTP/1.1" - - "-" "Mozilla/5.0 (X11; Linux x86_64) AppleWebKit/537.36 (KHTML, like Gecko) Chrome/63.0.3239.132 Safari/537.36"
::1 - - [17/Aug/2018:04:19:12 +0000] "POST /v1.0/words/word HTTP/1.1" 200 54 "-" "Mozilla/5.0 (X11; Linux x86_64) AppleWebKit/537.36 (KHTML, like Gecko) Chrome/63.0.3239.132 Safari/537.36"
::1 - - [17/Aug/2018:04:19:19 +0000] "POST /v1.0/words/word HTTP/1.1" 200 54 "-" "Mozilla/5.0 (X11; Linux x86_64) AppleWebKit/537.36 (KHTML, like Gecko) Chrome/63.0.3239.132 Safari/537.36"
::1 - - [17/Aug/2018:04:19:30 +0000] "POST /v1.0/words/word HTTP/1.1" 200 54 "-" "Mozilla/5.0 (X11; Linux x86_64) AppleWebKit/537.36 (KHTML, like Gecko) Chrome/63.0.3239.132 Safari/537.36"
::1 - - [17/Aug/2018:04:40:46 +0000] "POST /v1.0/words/relation HTTP/1.1" 200 825 "-" "Mozilla/5.0 (X11; Linux x86_64) AppleWebKit/537.36 (KHTML, like Gecko) Chrome/63.0.3239.132 Safari/537.36"
::1 - - [17/Aug/2018:04:40:56 +0000] "POST /v1.0/words/relation HTTP/1.1" 200 106 "-" "Mozilla/5.0 (X11; Linux x86_64) AppleWebKit/537.36 (KHTML, like Gecko) Chrome/63.0.3239.132 Safari/537.36"
::1 - - [17/Aug/2018:04:41:19 +0000] "POST /v1.0/words/relation HTTP/1.1" 200 825 "-" "Mozilla/5.0 (X11; Linux x86_64) AppleWebKit/537.36 (KHTML, like Gecko) Chrome/63.0.3239.132 Safari/537.36"
::1 - - [17/Aug/2018:04:41:27 +0000] "POST /v1.0/words/relation HTTP/1.1" 200 826 "-" "Mozilla/5.0 (X11; Linux x86_64) AppleWebKit/537.36 (KHTML, like Gecko) Chrome/63.0.3239.132 Safari/537.36"
::1 - - [17/Aug/2018:04:41:34 +0000] "POST /v1.0/words/relation HTTP/1.1" 200 106 "-" "Mozilla/5.0 (X11; Linux x86_64) AppleWebKit/537.36 (KHTML, like Gecko) Chrome/63.0.3239.132 Safari/537.36"
::1 - - [17/Aug/2018:04:41:50 +0000] "POST /v1.0/words/relation HTTP/1.1" 200 106 "-" "Mozilla/5.0 (X11; Linux x86_64) AppleWebKit/537.36 (KHTML, like Gecko) Chrome/63.0.3239.132 Safari/537.36"
::1 - - [17/Aug/2018:04:43:20 +0000] "POST /v1.0/words/relation HTTP/1.1" 200 1117 "-" "Mozilla/5.0 (X11; Linux x86_64) AppleWebKit/537.36 (KHTML, like Gecko) Chrome/63.0.3239.132 Safari/537.36"
::1 - - [17/Aug/2018:04:43:30 +0000] "POST /v1.0/words/relation HTTP/1.1" 200 1165 "-" "Mozilla/5.0 (X11; Linux x86_64) AppleWebKit/537.36 (KHTML, like Gecko) Chrome/63.0.3239.132 Safari/537.36"
::1 - - [17/Aug/2018:04:43:41 +0000] "POST /v1.0/words/relation HTTP/1.1" 200 1165 "-" "Mozilla/5.0 (X11; Linux x86_64) AppleWebKit/537.36 (KHTML, like Gecko) Chrome/63.0.3239.132 Safari/537.36"
::1 - - [17/Aug/2018:04:43:59 +0000] "POST /v1.0/words/relation HTTP/1.1" 200 106 "-" "Mozilla/5.0 (X11; Linux x86_64) AppleWebKit/537.36 (KHTML, like Gecko) Chrome/63.0.3239.132 Safari/537.36"
::1 - - [17/Aug/2018:04:45:39 +0000] "POST /v1.0/words/relation HTTP/1.1" 200 825 "-" "Mozilla/5.0 (X11; Linux x86_64) AppleWebKit/537.36 (KHTML, like Gecko) Chrome/63.0.3239.132 Safari/537.36"
::1 - - [17/Aug/2018:04:45:42 +0000] "POST /v1.0/words/relation HTTP/1.1" 200 583 "-" "Mozilla/5.0 (X11; Linux x86_64) AppleWebKit/537.36 (KHTML, like Gecko) Chrome/63.0.3239.132 Safari/537.36"
::1 - - [17/Aug/2018:04:45:44 +0000] "POST /v1.0/words/relation HTTP/1.1" 200 583 "-" "Mozilla/5.0 (X11; Linux x86_64) AppleWebKit/537.36 (KHTML, like Gecko) Chrome/63.0.3239.132 Safari/537.36"
::1 - - [17/Aug/2018:04:48:03 +0000] "POST /v1.0/words/relation HTTP/1.1" 200 825 "-" "Mozilla/5.0 (X11; Linux x86_64) AppleWebKit/537.36 (KHTML, like Gecko) Chrome/63.0.3239.132 Safari/537.36"
::1 - - [17/Aug/2018:04:48:15 +0000] "POST /v1.0/words/relation HTTP/1.1" 200 825 "-" "Mozilla/5.0 (X11; Linux x86_64) AppleWebKit/537.36 (KHTML, like Gecko) Chrome/63.0.3239.132 Safari/537.36"
::1 - - [17/Aug/2018:05:24:21 +0000] "GET /v1.0/words/word HTTP/1.1" 200 54 "-" "Mozilla/5.0 (X11; Linux x86_64) AppleWebKit/537.36 (KHTML, like Gecko) Chrome/63.0.3239.132 Safari/537.36"
::1 - - [17/Aug/2018:05:28:41 +0000] "GET /v1.0/words/word HTTP/1.1" 200 97 "-" "Mozilla/5.0 (X11; Linux x86_64) AppleWebKit/537.36 (KHTML, like Gecko) Chrome/63.0.3239.132 Safari/537.36"
::1 - - [17/Aug/2018:05:29:11 +0000] "GET /v1.0/words/word HTTP/1.1" 200 96 "-" "Mozilla/5.0 (X11; Linux x86_64) AppleWebKit/537.36 (KHTML, like Gecko) Chrome/63.0.3239.132 Safari/537.36"
::1 - - [17/Aug/2018:05:30:02 +0000] "GET /v1.0/words/word HTTP/1.1" 200 73 "-" "Mozilla/5.0 (X11; Linux x86_64) AppleWebKit/537.36 (KHTML, like Gecko) Chrome/63.0.3239.132 Safari/537.36"
::1 - - [17/Aug/2018:05:30:13 +0000] "GET /v1.0/words/word HTTP/1.1" 200 54 "-" "Mozilla/5.0 (X11; Linux x86_64) AppleWebKit/537.36 (KHTML, like Gecko) Chrome/63.0.3239.132 Safari/537.36"
::1 - - [17/Aug/2018:05:38:07 +0000] "GET /v1.0/words/word HTTP/1.1" 200 82 "-" "Mozilla/5.0 (X11; Linux x86_64) AppleWebKit/537.36 (KHTML, like Gecko) Chrome/63.0.3239.132 Safari/537.36"
::1 - - [17/Aug/2018:05:38:21 +0000] "GET /v1.0/words/word HTTP/1.1" 200 54 "-" "Mozilla/5.0 (X11; Linux x86_64) AppleWebKit/537.36 (KHTML, like Gecko) Chrome/63.0.3239.132 Safari/537.36"
::1 - - [17/Aug/2018:05:41:03 +0000] "GET /v1.0/words/word HTTP/1.1" 200 70 "-" "Mozilla/5.0 (X11; Linux x86_64) AppleWebKit/537.36 (KHTML, like Gecko) Chrome/63.0.3239.132 Safari/537.36"
::1 - - [17/Aug/2018:05:41:14 +0000] "GET /v1.0/words/word HTTP/1.1" 200 54 "-" "Mozilla/5.0 (X11; Linux x86_64) AppleWebKit/537.36 (KHTML, like Gecko) Chrome/63.0.3239.132 Safari/537.36"
::1 - - [17/Aug/2018:05:43:38 +0000] "GET /v1.0/words/word HTTP/1.1" 200 54 "-" "Mozilla/5.0 (X11; Linux x86_64) AppleWebKit/537.36 (KHTML, like Gecko) Chrome/63.0.3239.132 Safari/537.36"
::1 - - [17/Aug/2018:05:44:12 +0000] "GET /v1.0/words/word HTTP/1.1" 200 54 "-" "Mozilla/5.0 (X11; Linux x86_64) AppleWebKit/537.36 (KHTML, like Gecko) Chrome/63.0.3239.132 Safari/537.36"
::1 - - [17/Aug/2018:05:44:46 +0000] "GET /v1.0/words/word HTTP/1.1" 200 54 "-" "Mozilla/5.0 (X11; Linux x86_64) AppleWebKit/537.36 (KHTML, like Gecko) Chrome/63.0.3239.132 Safari/537.36"
::1 - - [17/Aug/2018:05:45:03 +0000] "GET /v1.0/words/word HTTP/1.1" 200 70 "-" "Mozilla/5.0 (X11; Linux x86_64) AppleWebKit/537.36 (KHTML, like Gecko) Chrome/63.0.3239.132 Safari/537.36"
::1 - - [17/Aug/2018:05:45:13 +0000] "GET /v1.0/words/word HTTP/1.1" 200 54 "-" "Mozilla/5.0 (X11; Linux x86_64) AppleWebKit/537.36 (KHTML, like Gecko) Chrome/63.0.3239.132 Safari/537.36"
::1 - - [17/Aug/2018:05:45:27 +0000] "GET /v1.0/words/word HTTP/1.1" 200 54 "-" "Mozilla/5.0 (X11; Linux x86_64) AppleWebKit/537.36 (KHTML, like Gecko) Chrome/63.0.3239.132 Safari/537.36"
::1 - - [17/Aug/2018:05:47:13 +0000] "GET /v1.0/words/word HTTP/1.1" 200 96 "-" "Mozilla/5.0 (X11; Linux x86_64) AppleWebKit/537.36 (KHTML, like Gecko) Chrome/63.0.3239.132 Safari/537.36"
::1 - - [17/Aug/2018:05:48:20 +0000] "GET /v1.0/words/word HTTP/1.1" 200 96 "-" "Mozilla/5.0 (X11; Linux x86_64) AppleWebKit/537.36 (KHTML, like Gecko) Chrome/63.0.3239.132 Safari/537.36"
::1 - - [17/Aug/2018:05:48:32 +0000] "GET /v1.0/words/word HTTP/1.1" 200 96 "-" "Mozilla/5.0 (X11; Linux x86_64) AppleWebKit/537.36 (KHTML, like Gecko) Chrome/63.0.3239.132 Safari/537.36"
::1 - - [17/Aug/2018:05:49:11 +0000] "GET /v1.0/words/word HTTP/1.1" 200 96 "-" "Mozilla/5.0 (X11; Linux x86_64) AppleWebKit/537.36 (KHTML, like Gecko) Chrome/63.0.3239.132 Safari/537.36"
::1 - - [17/Aug/2018:05:49:24 +0000] "GET /v1.0/words/word HTTP/1.1" 200 96 "-" "Mozilla/5.0 (X11; Linux x86_64) AppleWebKit/537.36 (KHTML, like Gecko) Chrome/63.0.3239.132 Safari/537.36"
::1 - - [17/Aug/2018:05:50:24 +0000] "GET /v1.0/words/word HTTP/1.1" 200 96 "-" "Mozilla/5.0 (X11; Linux x86_64) AppleWebKit/537.36 (KHTML, like Gecko) Chrome/63.0.3239.132 Safari/537.36"
::1 - - [17/Aug/2018:05:50:44 +0000] "GET /v1.0/words/word HTTP/1.1" 200 89 "-" "Mozilla/5.0 (X11; Linux x86_64) AppleWebKit/537.36 (KHTML, like Gecko) Chrome/63.0.3239.132 Safari/537.36"
::1 - - [17/Aug/2018:05:51:10 +0000] "GET /v1.0/words/word HTTP/1.1" 200 54 "-" "Mozilla/5.0 (X11; Linux x86_64) AppleWebKit/537.36 (KHTML, like Gecko) Chrome/63.0.3239.132 Safari/537.36"
::1 - - [17/Aug/2018:05:51:24 +0000] "GET /v1.0/words/word HTTP/1.1" 200 54 "-" "Mozilla/5.0 (X11; Linux x86_64) AppleWebKit/537.36 (KHTML, like Gecko) Chrome/63.0.3239.132 Safari/537.36"
::1 - - [17/Aug/2018:05:51:35 +0000] "GET /v1.0/words/word HTTP/1.1" 200 54 "-" "Mozilla/5.0 (X11; Linux x86_64) AppleWebKit/537.36 (KHTML, like Gecko) Chrome/63.0.3239.132 Safari/537.36"
::1 - - [17/Aug/2018:05:52:05 +0000] "GET /v1.0/words/word HTTP/1.1" 200 85 "-" "Mozilla/5.0 (X11; Linux x86_64) AppleWebKit/537.36 (KHTML, like Gecko) Chrome/63.0.3239.132 Safari/537.36"
::1 - - [17/Aug/2018:05:53:57 +0000] "GET /v1.0/words/word HTTP/1.1" 200 54 "-" "Mozilla/5.0 (X11; Linux x86_64) AppleWebKit/537.36 (KHTML, like Gecko) Chrome/63.0.3239.132 Safari/537.36"
::1 - - [17/Aug/2018:05:54:06 +0000] "GET /v1.0/words/word HTTP/1.1" 200 54 "-" "Mozilla/5.0 (X11; Linux x86_64) AppleWebKit/537.36 (KHTML, like Gecko) Chrome/63.0.3239.132 Safari/537.36"
::1 - - [17/Aug/2018:05:54:11 +0000] "GET /v1.0/words/word HTTP/1.1" 200 54 "-" "Mozilla/5.0 (X11; Linux x86_64) AppleWebKit/537.36 (KHTML, like Gecko) Chrome/63.0.3239.132 Safari/537.36"
::1 - - [17/Aug/2018:05:55:32 +0000] "GET /v1.0/words/word HTTP/1.1" 200 54 "-" "Mozilla/5.0 (X11; Linux x86_64) AppleWebKit/537.36 (KHTML, like Gecko) Chrome/63.0.3239.132 Safari/537.36"
::1 - - [17/Aug/2018:05:55:40 +0000] "GET /v1.0/words/word HTTP/1.1" 200 54 "-" "Mozilla/5.0 (X11; Linux x86_64) AppleWebKit/537.36 (KHTML, like Gecko) Chrome/63.0.3239.132 Safari/537.36"
::1 - - [17/Aug/2018:05:55:43 +0000] "GET /v1.0/words/word HTTP/1.1" 200 54 "-" "Mozilla/5.0 (X11; Linux x86_64) AppleWebKit/537.36 (KHTML, like Gecko) Chrome/63.0.3239.132 Safari/537.36"
::1 - - [17/Aug/2018:05:56:30 +0000] "GET /v1.0/words/word HTTP/1.1" 200 54 "-" "Mozilla/5.0 (X11; Linux x86_64) AppleWebKit/537.36 (KHTML, like Gecko) Chrome/63.0.3239.132 Safari/537.36"
::1 - - [17/Aug/2018:05:56:40 +0000] "GET /v1.0/words/word HTTP/1.1" 200 54 "-" "Mozilla/5.0 (X11; Linux x86_64) AppleWebKit/537.36 (KHTML, like Gecko) Chrome/63.0.3239.132 Safari/537.36"
::1 - - [17/Aug/2018:06:03:29 +0000] "GET /v1.0/words/word HTTP/1.1" 200 75 "-" "Mozilla/5.0 (X11; Linux x86_64) AppleWebKit/537.36 (KHTML, like Gecko) Chrome/63.0.3239.132 Safari/537.36"
::1 - - [17/Aug/2018:06:03:45 +0000] "GET /v1.0/words/word HTTP/1.1" 200 81 "-" "Mozilla/5.0 (X11; Linux x86_64) AppleWebKit/537.36 (KHTML, like Gecko) Chrome/63.0.3239.132 Safari/537.36"
::1 - - [17/Aug/2018:06:04:06 +0000] "GET /v1.0/words/word HTTP/1.1" 200 76 "-" "Mozilla/5.0 (X11; Linux x86_64) AppleWebKit/537.36 (KHTML, like Gecko) Chrome/63.0.3239.132 Safari/537.36"
::1 - - [17/Aug/2018:06:04:30 +0000] "GET /v1.0/words/word HTTP/1.1" 200 91 "-" "Mozilla/5.0 (X11; Linux x86_64) AppleWebKit/537.36 (KHTML, like Gecko) Chrome/63.0.3239.132 Safari/537.36"
::1 - - [17/Aug/2018:06:04:57 +0000] "GET /v1.0/words/word HTTP/1.1" 200 54 "-" "Mozilla/5.0 (X11; Linux x86_64) AppleWebKit/537.36 (KHTML, like Gecko) Chrome/63.0.3239.132 Safari/537.36"
::1 - - [17/Aug/2018:06:05:09 +0000] "GET /v1.0/words/word HTTP/1.1" 200 91 "-" "Mozilla/5.0 (X11; Linux x86_64) AppleWebKit/537.36 (KHTML, like Gecko) Chrome/63.0.3239.132 Safari/537.36"
::1 - - [17/Aug/2018:06:05:34 +0000] "GET /v1.0/words/word HTTP/1.1" 200 91 "-" "Mozilla/5.0 (X11; Linux x86_64) AppleWebKit/537.36 (KHTML, like Gecko) Chrome/63.0.3239.132 Safari/537.36"
::1 - - [17/Aug/2018:06:05:50 +0000] "GET /v1.0/words/word HTTP/1.1" 200 91 "-" "Mozilla/5.0 (X11; Linux x86_64) AppleWebKit/537.36 (KHTML, like Gecko) Chrome/63.0.3239.132 Safari/537.36"
::1 - - [17/Aug/2018:06:06:26 +0000] "GET /v1.0/words/word HTTP/1.1" 200 54 "-" "Mozilla/5.0 (X11; Linux x86_64) AppleWebKit/537.36 (KHTML, like Gecko) Chrome/63.0.3239.132 Safari/537.36"
::1 - - [17/Aug/2018:06:06:52 +0000] "GET /v1.0/words/word HTTP/1.1" 200 54 "-" "Mozilla/5.0 (X11; Linux x86_64) AppleWebKit/537.36 (KHTML, like Gecko) Chrome/63.0.3239.132 Safari/537.36"
::1 - - [17/Aug/2018:06:16:19 +0000] "GET /v1.0/words/word HTTP/1.1" 200 54 "-" "Mozilla/5.0 (X11; Linux x86_64) AppleWebKit/537.36 (KHTML, like Gecko) Chrome/63.0.3239.132 Safari/537.36"
::1 - - [17/Aug/2018:06:17:09 +0000] "POST /v1.0/words/relation HTTP/1.1" 200 826 "-" "Mozilla/5.0 (X11; Linux x86_64) AppleWebKit/537.36 (KHTML, like Gecko) Chrome/63.0.3239.132 Safari/537.36"
::1 - - [17/Aug/2018:06:17:17 +0000] "POST /v1.0/words/relation HTTP/1.1" 200 825 "-" "Mozilla/5.0 (X11; Linux x86_64) AppleWebKit/537.36 (KHTML, like Gecko) Chrome/63.0.3239.132 Safari/537.36"
::1 - - [17/Aug/2018:06:17:22 +0000] "POST /v1.0/words/relation HTTP/1.1" 200 825 "-" "Mozilla/5.0 (X11; Linux x86_64) AppleWebKit/537.36 (KHTML, like Gecko) Chrome/63.0.3239.132 Safari/537.36"
::1 - - [17/Aug/2018:06:17:26 +0000] "POST /v1.0/words/relation HTTP/1.1" 200 825 "-" "Mozilla/5.0 (X11; Linux x86_64) AppleWebKit/537.36 (KHTML, like Gecko) Chrome/63.0.3239.132 Safari/537.36"
::1 - - [17/Aug/2018:06:17:31 +0000] "POST /v1.0/words/relation HTTP/1.1" 200 825 "-" "Mozilla/5.0 (X11; Linux x86_64) AppleWebKit/537.36 (KHTML, like Gecko) Chrome/63.0.3239.132 Safari/537.36"
::1 - - [17/Aug/2018:06:17:37 +0000] "POST /v1.0/words/relation HTTP/1.1" 200 825 "-" "Mozilla/5.0 (X11; Linux x86_64) AppleWebKit/537.36 (KHTML, like Gecko) Chrome/63.0.3239.132 Safari/537.36"
::1 - - [17/Aug/2018:06:17:43 +0000] "POST /v1.0/words/relation HTTP/1.1" 200 825 "-" "Mozilla/5.0 (X11; Linux x86_64) AppleWebKit/537.36 (KHTML, like Gecko) Chrome/63.0.3239.132 Safari/537.36"
::1 - - [17/Aug/2018:06:17:48 +0000] "GET /v1.0/words/word HTTP/1.1" 200 54 "-" "Mozilla/5.0 (X11; Linux x86_64) AppleWebKit/537.36 (KHTML, like Gecko) Chrome/63.0.3239.132 Safari/537.36"
::1 - - [17/Aug/2018:06:18:47 +0000] "GET /v1.0/words/word HTTP/1.1" 200 54 "-" "Mozilla/5.0 (X11; Linux x86_64) AppleWebKit/537.36 (KHTML, like Gecko) Chrome/63.0.3239.132 Safari/537.36"
::1 - - [17/Aug/2018:06:19:47 +0000] "POST /v1.0/words/relation HTTP/1.1" 200 75 "-" "Mozilla/5.0 (X11; Linux x86_64) AppleWebKit/537.36 (KHTML, like Gecko) Chrome/63.0.3239.132 Safari/537.36"
::1 - - [17/Aug/2018:06:19:51 +0000] "GET /v1.0/words/word HTTP/1.1" 200 54 "-" "Mozilla/5.0 (X11; Linux x86_64) AppleWebKit/537.36 (KHTML, like Gecko) Chrome/63.0.3239.132 Safari/537.36"
::1 - - [17/Aug/2018:06:19:56 +0000] "POST /v1.0/words/relation HTTP/1.1" 200 75 "-" "Mozilla/5.0 (X11; Linux x86_64) AppleWebKit/537.36 (KHTML, like Gecko) Chrome/63.0.3239.132 Safari/537.36"
::1 - - [17/Aug/2018:06:20:01 +0000] "GET /v1.0/words/word HTTP/1.1" 200 54 "-" "Mozilla/5.0 (X11; Linux x86_64) AppleWebKit/537.36 (KHTML, like Gecko) Chrome/63.0.3239.132 Safari/537.36"
::1 - - [17/Aug/2018:06:20:06 +0000] "POST /v1.0/words/relation HTTP/1.1" 200 75 "-" "Mozilla/5.0 (X11; Linux x86_64) AppleWebKit/537.36 (KHTML, like Gecko) Chrome/63.0.3239.132 Safari/537.36"
::1 - - [17/Aug/2018:06:20:22 +0000] "POST /v1.0/words/relation HTTP/1.1" 200 75 "-" "Mozilla/5.0 (X11; Linux x86_64) AppleWebKit/537.36 (KHTML, like Gecko) Chrome/63.0.3239.132 Safari/537.36"
::1 - - [17/Aug/2018:06:20:50 +0000] "POST /v1.0/words/word HTTP/1.1" 200 54 "-" "Mozilla/5.0 (X11; Linux x86_64) AppleWebKit/537.36 (KHTML, like Gecko) Chrome/63.0.3239.132 Safari/537.36"
::1 - - [17/Aug/2018:06:20:55 +0000] "POST /v1.0/words/relation HTTP/1.1" 200 825 "-" "Mozilla/5.0 (X11; Linux x86_64) AppleWebKit/537.36 (KHTML, like Gecko) Chrome/63.0.3239.132 Safari/537.36"
::1 - - [17/Aug/2018:06:20:58 +0000] "GET /v1.0/words/word HTTP/1.1" 200 54 "-" "Mozilla/5.0 (X11; Linux x86_64) AppleWebKit/537.36 (KHTML, like Gecko) Chrome/63.0.3239.132 Safari/537.36"
::1 - - [17/Aug/2018:06:21:05 +0000] "POST /v1.0/words/relation HTTP/1.1" 200 974 "-" "Mozilla/5.0 (X11; Linux x86_64) AppleWebKit/537.36 (KHTML, like Gecko) Chrome/63.0.3239.132 Safari/537.36"
::1 - - [17/Aug/2018:06:21:10 +0000] "GET /v1.0/words/word HTTP/1.1" 200 54 "-" "Mozilla/5.0 (X11; Linux x86_64) AppleWebKit/537.36 (KHTML, like Gecko) Chrome/63.0.3239.132 Safari/537.36"
::1 - - [17/Aug/2018:06:21:18 +0000] "POST /v1.0/words/relation HTTP/1.1" 200 1074 "-" "Mozilla/5.0 (X11; Linux x86_64) AppleWebKit/537.36 (KHTML, like Gecko) Chrome/63.0.3239.132 Safari/537.36"
::1 - - [17/Aug/2018:06:21:22 +0000] "GET /v1.0/words/word HTTP/1.1" 200 54 "-" "Mozilla/5.0 (X11; Linux x86_64) AppleWebKit/537.36 (KHTML, like Gecko) Chrome/63.0.3239.132 Safari/537.36"
::1 - - [17/Aug/2018:06:31:25 +0000] "GET /v1.0/words/word HTTP/1.1" 200 88 "-" "Mozilla/5.0 (X11; Linux x86_64) AppleWebKit/537.36 (KHTML, like Gecko) Chrome/63.0.3239.132 Safari/537.36"
::1 - - [17/Aug/2018:06:31:33 +0000] "GET /v1.0/words/word HTTP/1.1" 200 79 "-" "Mozilla/5.0 (X11; Linux x86_64) AppleWebKit/537.36 (KHTML, like Gecko) Chrome/63.0.3239.132 Safari/537.36"
::1 - - [17/Aug/2018:06:31:35 +0000] "GET /v1.0/words/word HTTP/1.1" 200 79 "-" "Mozilla/5.0 (X11; Linux x86_64) AppleWebKit/537.36 (KHTML, like Gecko) Chrome/63.0.3239.132 Safari/537.36"
::1 - - [17/Aug/2018:06:31:36 +0000] "GET /v1.0/words/word HTTP/1.1" 200 79 "-" "Mozilla/5.0 (X11; Linux x86_64) AppleWebKit/537.36 (KHTML, like Gecko) Chrome/63.0.3239.132 Safari/537.36"
::1 - - [17/Aug/2018:06:31:53 +0000] "GET /v1.0/words/word HTTP/1.1" 200 81 "-" "Mozilla/5.0 (X11; Linux x86_64) AppleWebKit/537.36 (KHTML, like Gecko) Chrome/63.0.3239.132 Safari/537.36"
::1 - - [17/Aug/2018:06:32:09 +0000] "GET /v1.0/words/word HTTP/1.1" 200 81 "-" "Mozilla/5.0 (X11; Linux x86_64) AppleWebKit/537.36 (KHTML, like Gecko) Chrome/63.0.3239.132 Safari/537.36"
::1 - - [17/Aug/2018:06:32:49 +0000] "GET /v1.0/words/word HTTP/1.1" 200 81 "-" "Mozilla/5.0 (X11; Linux x86_64) AppleWebKit/537.36 (KHTML, like Gecko) Chrome/63.0.3239.132 Safari/537.36"
::1 - - [17/Aug/2018:06:33:08 +0000] "GET /v1.0/words/word HTTP/1.1" - - "-" "Mozilla/5.0 (X11; Linux x86_64) AppleWebKit/537.36 (KHTML, like Gecko) Chrome/63.0.3239.132 Safari/537.36"
::1 - - [17/Aug/2018:06:33:10 +0000] "GET /v1.0/words/word HTTP/1.1" 200 54 "-" "Mozilla/5.0 (X11; Linux x86_64) AppleWebKit/537.36 (KHTML, like Gecko) Chrome/63.0.3239.132 Safari/537.36"
::1 - - [17/Aug/2018:06:33:25 +0000] "GET /v1.0/words/word HTTP/1.1" 200 54 "-" "Mozilla/5.0 (X11; Linux x86_64) AppleWebKit/537.36 (KHTML, like Gecko) Chrome/63.0.3239.132 Safari/537.36"
::1 - - [17/Aug/2018:06:33:57 +0000] "GET /v1.0/words/word HTTP/1.1" 200 54 "-" "Mozilla/5.0 (X11; Linux x86_64) AppleWebKit/537.36 (KHTML, like Gecko) Chrome/63.0.3239.132 Safari/537.36"
::1 - - [17/Aug/2018:06:34:15 +0000] "GET /v1.0/words/word HTTP/1.1" 200 54 "-" "Mozilla/5.0 (X11; Linux x86_64) AppleWebKit/537.36 (KHTML, like Gecko) Chrome/63.0.3239.132 Safari/537.36"
::1 - - [17/Aug/2018:06:34:53 +0000] "GET /v1.0/words/word HTTP/1.1" 200 54 "-" "Mozilla/5.0 (X11; Linux x86_64) AppleWebKit/537.36 (KHTML, like Gecko) Chrome/63.0.3239.132 Safari/537.36"
::1 - - [17/Aug/2018:06:35:26 +0000] "GET /v1.0/words/word HTTP/1.1" 200 54 "-" "Mozilla/5.0 (X11; Linux x86_64) AppleWebKit/537.36 (KHTML, like Gecko) Chrome/63.0.3239.132 Safari/537.36"
::1 - - [17/Aug/2018:06:35:38 +0000] "GET /v1.0/words/word HTTP/1.1" 200 54 "-" "Mozilla/5.0 (X11; Linux x86_64) AppleWebKit/537.36 (KHTML, like Gecko) Chrome/63.0.3239.132 Safari/537.36"
::1 - - [17/Aug/2018:06:37:24 +0000] "GET /v1.0/words/word HTTP/1.1" 200 91 "-" "Mozilla/5.0 (X11; Linux x86_64) AppleWebKit/537.36 (KHTML, like Gecko) Chrome/63.0.3239.132 Safari/537.36"
::1 - - [17/Aug/2018:06:37:45 +0000] "GET /v1.0/words/word HTTP/1.1" 200 54 "-" "Mozilla/5.0 (X11; Linux x86_64) AppleWebKit/537.36 (KHTML, like Gecko) Chrome/63.0.3239.132 Safari/537.36"
::1 - - [17/Aug/2018:06:37:53 +0000] "GET /v1.0/words/word HTTP/1.1" 200 54 "-" "Mozilla/5.0 (X11; Linux x86_64) AppleWebKit/537.36 (KHTML, like Gecko) Chrome/63.0.3239.132 Safari/537.36"
::1 - - [17/Aug/2018:06:38:13 +0000] "GET /v1.0/words/word HTTP/1.1" 200 54 "-" "Mozilla/5.0 (X11; Linux x86_64) AppleWebKit/537.36 (KHTML, like Gecko) Chrome/63.0.3239.132 Safari/537.36"
::1 - - [17/Aug/2018:06:43:13 +0000] "GET /v1.0/words/word HTTP/1.1" 200 54 "-" "Mozilla/5.0 (X11; Linux x86_64) AppleWebKit/537.36 (KHTML, like Gecko) Chrome/63.0.3239.132 Safari/537.36"
::1 - - [17/Aug/2018:06:43:24 +0000] "GET /v1.0/words/word HTTP/1.1" 200 54 "-" "Mozilla/5.0 (X11; Linux x86_64) AppleWebKit/537.36 (KHTML, like Gecko) Chrome/63.0.3239.132 Safari/537.36"
::1 - - [17/Aug/2018:06:43:36 +0000] "GET /v1.0/words/word HTTP/1.1" 200 74 "-" "Mozilla/5.0 (X11; Linux x86_64) AppleWebKit/537.36 (KHTML, like Gecko) Chrome/63.0.3239.132 Safari/537.36"
::1 - - [17/Aug/2018:06:43:49 +0000] "GET /v1.0/words/word HTTP/1.1" 200 54 "-" "Mozilla/5.0 (X11; Linux x86_64) AppleWebKit/537.36 (KHTML, like Gecko) Chrome/63.0.3239.132 Safari/537.36"
::1 - - [17/Aug/2018:06:44:31 +0000] "GET /v1.0/words/word HTTP/1.1" 200 54 "-" "Mozilla/5.0 (X11; Linux x86_64) AppleWebKit/537.36 (KHTML, like Gecko) Chrome/63.0.3239.132 Safari/537.36"
::1 - - [17/Aug/2018:06:46:28 +0000] "POST /v1.0/words/relation HTTP/1.1" 200 1074 "-" "Mozilla/5.0 (X11; Linux x86_64) AppleWebKit/537.36 (KHTML, like Gecko) Chrome/63.0.3239.132 Safari/537.36"
::1 - - [17/Aug/2018:06:46:30 +0000] "POST /v1.0/words/relation HTTP/1.1" 200 1074 "-" "Mozilla/5.0 (X11; Linux x86_64) AppleWebKit/537.36 (KHTML, like Gecko) Chrome/63.0.3239.132 Safari/537.36"
::1 - - [17/Aug/2018:06:46:36 +0000] "GET /v1.0/words/word HTTP/1.1" 200 54 "-" "Mozilla/5.0 (X11; Linux x86_64) AppleWebKit/537.36 (KHTML, like Gecko) Chrome/63.0.3239.132 Safari/537.36"
::1 - - [17/Aug/2018:06:46:43 +0000] "GET /v1.0/words/word HTTP/1.1" 200 54 "-" "Mozilla/5.0 (X11; Linux x86_64) AppleWebKit/537.36 (KHTML, like Gecko) Chrome/63.0.3239.132 Safari/537.36"
::1 - - [17/Aug/2018:06:46:49 +0000] "GET /v1.0/words/word HTTP/1.1" 200 54 "-" "Mozilla/5.0 (X11; Linux x86_64) AppleWebKit/537.36 (KHTML, like Gecko) Chrome/63.0.3239.132 Safari/537.36"
::1 - - [17/Aug/2018:06:46:51 +0000] "GET /v1.0/words/word HTTP/1.1" 200 54 "-" "Mozilla/5.0 (X11; Linux x86_64) AppleWebKit/537.36 (KHTML, like Gecko) Chrome/63.0.3239.132 Safari/537.36"
::1 - - [17/Aug/2018:06:47:00 +0000] "GET /v1.0/words/word HTTP/1.1" 200 54 "-" "Mozilla/5.0 (X11; Linux x86_64) AppleWebKit/537.36 (KHTML, like Gecko) Chrome/63.0.3239.132 Safari/537.36"
::1 - - [17/Aug/2018:06:47:06 +0000] "GET /v1.0/words/word HTTP/1.1" 200 54 "-" "Mozilla/5.0 (X11; Linux x86_64) AppleWebKit/537.36 (KHTML, like Gecko) Chrome/63.0.3239.132 Safari/537.36"
::1 - - [17/Aug/2018:06:47:18 +0000] "GET /v1.0/words/word HTTP/1.1" 200 54 "-" "Mozilla/5.0 (X11; Linux x86_64) AppleWebKit/537.36 (KHTML, like Gecko) Chrome/63.0.3239.132 Safari/537.36"
::1 - - [17/Aug/2018:06:47:20 +0000] "GET /v1.0/words/word HTTP/1.1" 200 54 "-" "Mozilla/5.0 (X11; Linux x86_64) AppleWebKit/537.36 (KHTML, like Gecko) Chrome/63.0.3239.132 Safari/537.36"
::1 - - [17/Aug/2018:06:47:22 +0000] "GET /v1.0/words/word HTTP/1.1" 200 54 "-" "Mozilla/5.0 (X11; Linux x86_64) AppleWebKit/537.36 (KHTML, like Gecko) Chrome/63.0.3239.132 Safari/537.36"
::1 - - [17/Aug/2018:06:47:23 +0000] "GET /v1.0/words/word HTTP/1.1" 200 54 "-" "Mozilla/5.0 (X11; Linux x86_64) AppleWebKit/537.36 (KHTML, like Gecko) Chrome/63.0.3239.132 Safari/537.36"
::1 - - [17/Aug/2018:06:47:25 +0000] "GET /v1.0/words/word HTTP/1.1" 200 54 "-" "Mozilla/5.0 (X11; Linux x86_64) AppleWebKit/537.36 (KHTML, like Gecko) Chrome/63.0.3239.132 Safari/537.36"
::1 - - [17/Aug/2018:06:47:27 +0000] "GET /v1.0/words/word HTTP/1.1" 200 54 "-" "Mozilla/5.0 (X11; Linux x86_64) AppleWebKit/537.36 (KHTML, like Gecko) Chrome/63.0.3239.132 Safari/537.36"
::1 - - [17/Aug/2018:06:49:10 +0000] "POST /v1.0/words/word HTTP/1.1" 200 68 "-" "Mozilla/5.0 (X11; Linux x86_64) AppleWebKit/537.36 (KHTML, like Gecko) Chrome/63.0.3239.132 Safari/537.36"
::1 - - [17/Aug/2018:06:49:14 +0000] "POST /v1.0/words/word HTTP/1.1" 200 68 "-" "Mozilla/5.0 (X11; Linux x86_64) AppleWebKit/537.36 (KHTML, like Gecko) Chrome/63.0.3239.132 Safari/537.36"
::1 - - [17/Aug/2018:06:49:18 +0000] "POST /v1.0/words/word HTTP/1.1" 403 84 "-" "Mozilla/5.0 (X11; Linux x86_64) AppleWebKit/537.36 (KHTML, like Gecko) Chrome/63.0.3239.132 Safari/537.36"
::1 - - [17/Aug/2018:06:49:24 +0000] "POST /v1.0/words/word HTTP/1.1" 200 68 "-" "Mozilla/5.0 (X11; Linux x86_64) AppleWebKit/537.36 (KHTML, like Gecko) Chrome/63.0.3239.132 Safari/537.36"
::1 - - [17/Aug/2018:06:50:10 +0000] "POST /v1.0/words/word HTTP/1.1" 200 81 "-" "Mozilla/5.0 (X11; Linux x86_64) AppleWebKit/537.36 (KHTML, like Gecko) Chrome/63.0.3239.132 Safari/537.36"
::1 - - [17/Aug/2018:06:51:41 +0000] "POST /v1.0/words/word HTTP/1.1" 200 158 "-" "Mozilla/5.0 (X11; Linux x86_64) AppleWebKit/537.36 (KHTML, like Gecko) Chrome/63.0.3239.132 Safari/537.36"
::1 - - [17/Aug/2018:06:52:13 +0000] "POST /v1.0/words/word HTTP/1.1" 200 54 "-" "Mozilla/5.0 (X11; Linux x86_64) AppleWebKit/537.36 (KHTML, like Gecko) Chrome/63.0.3239.132 Safari/537.36"
::1 - - [17/Aug/2018:06:52:43 +0000] "POST /v1.0/words/word HTTP/1.1" 200 68 "-" "Mozilla/5.0 (X11; Linux x86_64) AppleWebKit/537.36 (KHTML, like Gecko) Chrome/63.0.3239.132 Safari/537.36"
::1 - - [17/Aug/2018:06:53:53 +0000] "POST /v1.0/words/word HTTP/1.1" 403 84 "-" "Mozilla/5.0 (X11; Linux x86_64) AppleWebKit/537.36 (KHTML, like Gecko) Chrome/63.0.3239.132 Safari/537.36"
::1 - - [17/Aug/2018:06:54:27 +0000] "POST /v1.0/words/word HTTP/1.1" 403 84 "-" "Mozilla/5.0 (X11; Linux x86_64) AppleWebKit/537.36 (KHTML, like Gecko) Chrome/63.0.3239.132 Safari/537.36"
::1 - - [17/Aug/2018:06:54:35 +0000] "POST /v1.0/words/word HTTP/1.1" 200 67 "-" "Mozilla/5.0 (X11; Linux x86_64) AppleWebKit/537.36 (KHTML, like Gecko) Chrome/63.0.3239.132 Safari/537.36"
::1 - - [17/Aug/2018:06:54:51 +0000] "POST /v1.0/words/word HTTP/1.1" 200 54 "-" "Mozilla/5.0 (X11; Linux x86_64) AppleWebKit/537.36 (KHTML, like Gecko) Chrome/63.0.3239.132 Safari/537.36"
::1 - - [17/Aug/2018:07:28:54 +0000] "POST /v1.0/words/word HTTP/1.1" 200 54 "-" "Mozilla/5.0 (X11; Linux x86_64) AppleWebKit/537.36 (KHTML, like Gecko) Chrome/63.0.3239.132 Safari/537.36"
::1 - - [17/Aug/2018:07:29:00 +0000] "GET /v1.0/words/word HTTP/1.1" 200 366 "-" "Mozilla/5.0 (X11; Linux x86_64) AppleWebKit/537.36 (KHTML, like Gecko) Chrome/63.0.3239.132 Safari/537.36"
::1 - - [17/Aug/2018:07:42:22 +0000] "POST /v1.0/words/word HTTP/1.1" 200 78 "-" "Mozilla/5.0 (X11; Linux x86_64) AppleWebKit/537.36 (KHTML, like Gecko) Chrome/63.0.3239.132 Safari/537.36"
::1 - - [17/Aug/2018:07:42:24 +0000] "POST /v1.0/words/word HTTP/1.1" 200 78 "-" "Mozilla/5.0 (X11; Linux x86_64) AppleWebKit/537.36 (KHTML, like Gecko) Chrome/63.0.3239.132 Safari/537.36"
::1 - - [17/Aug/2018:07:42:35 +0000] "POST /v1.0/words/word HTTP/1.1" 200 54 "-" "Mozilla/5.0 (X11; Linux x86_64) AppleWebKit/537.36 (KHTML, like Gecko) Chrome/63.0.3239.132 Safari/537.36"
::1 - - [17/Aug/2018:07:44:44 +0000] "GET /v1.0/words/word HTTP/1.1" 200 378 "-" "Mozilla/5.0 (X11; Linux x86_64) AppleWebKit/537.36 (KHTML, like Gecko) Chrome/63.0.3239.132 Safari/537.36"
::1 - - [17/Aug/2018:07:45:04 +0000] "GET /v1.0/words/word HTTP/1.1" 200 378 "-" "Mozilla/5.0 (X11; Linux x86_64) AppleWebKit/537.36 (KHTML, like Gecko) Chrome/63.0.3239.132 Safari/537.36"
::1 - - [17/Aug/2018:07:45:16 +0000] "GET /v1.0/words/word HTTP/1.1" - - "-" "Mozilla/5.0 (X11; Linux x86_64) AppleWebKit/537.36 (KHTML, like Gecko) Chrome/63.0.3239.132 Safari/537.36"
::1 - - [17/Aug/2018:07:45:19 +0000] "GET /v1.0/words/word HTTP/1.1" 200 378 "-" "Mozilla/5.0 (X11; Linux x86_64) AppleWebKit/537.36 (KHTML, like Gecko) Chrome/63.0.3239.132 Safari/537.36"
::1 - - [17/Aug/2018:07:48:19 +0000] "GET /v1.0/words/word HTTP/1.1" 200 68 "-" "Mozilla/5.0 (X11; Linux x86_64) AppleWebKit/537.36 (KHTML, like Gecko) Chrome/63.0.3239.132 Safari/537.36"
::1 - - [17/Aug/2018:07:48:36 +0000] "GET /v1.0/words/word HTTP/1.1" 200 478 "-" "Mozilla/5.0 (X11; Linux x86_64) AppleWebKit/537.36 (KHTML, like Gecko) Chrome/63.0.3239.132 Safari/537.36"
::1 - - [17/Aug/2018:07:49:24 +0000] "GET /v1.0/words/word HTTP/1.1" 200 478 "-" "Mozilla/5.0 (X11; Linux x86_64) AppleWebKit/537.36 (KHTML, like Gecko) Chrome/63.0.3239.132 Safari/537.36"
::1 - - [17/Aug/2018:07:49:41 +0000] "GET /v1.0/words/word HTTP/1.1" 200 586 "-" "Mozilla/5.0 (X11; Linux x86_64) AppleWebKit/537.36 (KHTML, like Gecko) Chrome/63.0.3239.132 Safari/537.36"
::1 - - [17/Aug/2018:07:50:19 +0000] "GET /v1.0/words/word HTTP/1.1" 200 586 "-" "Mozilla/5.0 (X11; Linux x86_64) AppleWebKit/537.36 (KHTML, like Gecko) Chrome/63.0.3239.132 Safari/537.36"
::1 - - [17/Aug/2018:07:51:11 +0000] "GET /v1.0/words/word HTTP/1.1" 200 601 "-" "Mozilla/5.0 (X11; Linux x86_64) AppleWebKit/537.36 (KHTML, like Gecko) Chrome/63.0.3239.132 Safari/537.36"
::1 - - [17/Aug/2018:09:11:09 +0000] "GET /v1.0/words/word HTTP/1.1" 200 576 "-" "Mozilla/5.0 (X11; Linux x86_64) AppleWebKit/537.36 (KHTML, like Gecko) Chrome/63.0.3239.132 Safari/537.36"
::1 - - [17/Aug/2018:09:11:13 +0000] "GET /v1.0/words/word HTTP/1.1" 200 576 "-" "Mozilla/5.0 (X11; Linux x86_64) AppleWebKit/537.36 (KHTML, like Gecko) Chrome/63.0.3239.132 Safari/537.36"
::1 - - [17/Aug/2018:09:51:04 +0000] "GET /v1.0/words/word HTTP/1.1" 200 576 "-" "Mozilla/5.0 (X11; Linux x86_64) AppleWebKit/537.36 (KHTML, like Gecko) Chrome/63.0.3239.132 Safari/537.36"
::1 - - [17/Aug/2018:09:52:40 +0000] "GET /v1.0/words/word HTTP/1.1" 200 366 "-" "Mozilla/5.0 (X11; Linux x86_64) AppleWebKit/537.36 (KHTML, like Gecko) Chrome/63.0.3239.132 Safari/537.36"
::1 - - [17/Aug/2018:09:52:44 +0000] "GET /v1.0/words/word HTTP/1.1" 200 366 "-" "Mozilla/5.0 (X11; Linux x86_64) AppleWebKit/537.36 (KHTML, like Gecko) Chrome/63.0.3239.132 Safari/537.36"
::1 - - [17/Aug/2018:09:53:00 +0000] "PATCH /v1.0/setting HTTP/1.1" 200 274 "-" "Mozilla/5.0 (X11; Linux x86_64) AppleWebKit/537.36 (KHTML, like Gecko) Chrome/63.0.3239.132 Safari/537.36"
::1 - - [17/Aug/2018:09:53:04 +0000] "GET /v1.0/words/word HTTP/1.1" 200 91 "-" "Mozilla/5.0 (X11; Linux x86_64) AppleWebKit/537.36 (KHTML, like Gecko) Chrome/63.0.3239.132 Safari/537.36"
::1 - - [17/Aug/2018:09:53:27 +0000] "GET /v1.0/words/word HTTP/1.1" 200 91 "-" "Mozilla/5.0 (X11; Linux x86_64) AppleWebKit/537.36 (KHTML, like Gecko) Chrome/63.0.3239.132 Safari/537.36"
::1 - - [17/Aug/2018:09:55:08 +0000] "GET /v1.0/words/word HTTP/1.1" - - "-" "Mozilla/5.0 (X11; Linux x86_64) AppleWebKit/537.36 (KHTML, like Gecko) Chrome/63.0.3239.132 Safari/537.36"
::1 - - [17/Aug/2018:09:55:09 +0000] "GET /v1.0/words/word HTTP/1.1" 200 91 "-" "Mozilla/5.0 (X11; Linux x86_64) AppleWebKit/537.36 (KHTML, like Gecko) Chrome/63.0.3239.132 Safari/537.36"
::1 - - [17/Aug/2018:09:55:44 +0000] "GET /v1.0/words/word HTTP/1.1" 200 91 "-" "Mozilla/5.0 (X11; Linux x86_64) AppleWebKit/537.36 (KHTML, like Gecko) Chrome/63.0.3239.132 Safari/537.36"
::1 - - [17/Aug/2018:09:56:10 +0000] "GET /v1.0/words/word HTTP/1.1" 200 91 "-" "Mozilla/5.0 (X11; Linux x86_64) AppleWebKit/537.36 (KHTML, like Gecko) Chrome/63.0.3239.132 Safari/537.36"
::1 - - [17/Aug/2018:10:00:00 +0000] "GET /v1.0/words/word HTTP/1.1" 200 73 "-" "Mozilla/5.0 (X11; Linux x86_64) AppleWebKit/537.36 (KHTML, like Gecko) Chrome/63.0.3239.132 Safari/537.36"
::1 - - [17/Aug/2018:10:00:10 +0000] "GET /v1.0/words/word HTTP/1.1" 200 765 "-" "Mozilla/5.0 (X11; Linux x86_64) AppleWebKit/537.36 (KHTML, like Gecko) Chrome/63.0.3239.132 Safari/537.36"
::1 - - [17/Aug/2018:10:00:15 +0000] "GET /v1.0/words/word HTTP/1.1" 200 765 "-" "Mozilla/5.0 (X11; Linux x86_64) AppleWebKit/537.36 (KHTML, like Gecko) Chrome/63.0.3239.132 Safari/537.36"
::1 - - [17/Aug/2018:10:00:25 +0000] "PATCH /v1.0/setting HTTP/1.1" 200 280 "-" "Mozilla/5.0 (X11; Linux x86_64) AppleWebKit/537.36 (KHTML, like Gecko) Chrome/63.0.3239.132 Safari/537.36"
::1 - - [17/Aug/2018:10:00:37 +0000] "GET /v1.0/words/word HTTP/1.1" 200 702 "-" "Mozilla/5.0 (X11; Linux x86_64) AppleWebKit/537.36 (KHTML, like Gecko) Chrome/63.0.3239.132 Safari/537.36"
::1 - - [17/Aug/2018:10:10:11 +0000] "GET /v1.0/words/word/5b766942ee920a003dfdbd4b HTTP/1.1" 404 1123 "-" "Mozilla/5.0 (X11; Linux x86_64) AppleWebKit/537.36 (KHTML, like Gecko) Chrome/63.0.3239.132 Safari/537.36"
::1 - - [17/Aug/2018:10:10:14 +0000] "GET /v1.0/words/word/5b766942ee920a003dfdbd4b HTTP/1.1" 404 1123 "-" "Mozilla/5.0 (X11; Linux x86_64) AppleWebKit/537.36 (KHTML, like Gecko) Chrome/63.0.3239.132 Safari/537.36"
::1 - - [17/Aug/2018:10:10:14 +0000] "GET /v1.0/words/word/5b766942ee920a003dfdbd4b HTTP/1.1" 404 1123 "-" "Mozilla/5.0 (X11; Linux x86_64) AppleWebKit/537.36 (KHTML, like Gecko) Chrome/63.0.3239.132 Safari/537.36"
::1 - - [17/Aug/2018:10:10:26 +0000] "GET /v1.0/words/word/5b766942ee920a003dfdbd4b HTTP/1.1" - - "-" "Mozilla/5.0 (X11; Linux x86_64) AppleWebKit/537.36 (KHTML, like Gecko) Chrome/63.0.3239.132 Safari/537.36"
::1 - - [17/Aug/2018:10:11:35 +0000] "GET /v1.0/words/word/5b766942ee920a003dfdbd4b HTTP/1.1" - - "-" "Mozilla/5.0 (X11; Linux x86_64) AppleWebKit/537.36 (KHTML, like Gecko) Chrome/63.0.3239.132 Safari/537.36"
::1 - - [17/Aug/2018:10:13:56 +0000] "GET /v1.0/words/word/5b766942ee920a003dfdbd4b HTTP/1.1" 200 97 "-" "Mozilla/5.0 (X11; Linux x86_64) AppleWebKit/537.36 (KHTML, like Gecko) Chrome/63.0.3239.132 Safari/537.36"
::1 - - [17/Aug/2018:10:14:30 +0000] "GET /v1.0/words/word/5b766942ee920a003dfdbd4b HTTP/1.1" 200 60 "-" "Mozilla/5.0 (X11; Linux x86_64) AppleWebKit/537.36 (KHTML, like Gecko) Chrome/63.0.3239.132 Safari/537.36"
::1 - - [17/Aug/2018:10:14:32 +0000] "GET /v1.0/words/word/5b766942ee920a003dfdbd4b HTTP/1.1" 200 60 "-" "Mozilla/5.0 (X11; Linux x86_64) AppleWebKit/537.36 (KHTML, like Gecko) Chrome/63.0.3239.132 Safari/537.36"
::1 - - [17/Aug/2018:10:14:42 +0000] "GET /v1.0/words/word/5b766942ee920a003dfdbd4b HTTP/1.1" 200 60 "-" "Mozilla/5.0 (X11; Linux x86_64) AppleWebKit/537.36 (KHTML, like Gecko) Chrome/63.0.3239.132 Safari/537.36"
::1 - - [17/Aug/2018:10:16:37 +0000] "GET /v1.0/words/word/5b766942ee920a003dfdbd4b HTTP/1.1" 200 60 "-" "Mozilla/5.0 (X11; Linux x86_64) AppleWebKit/537.36 (KHTML, like Gecko) Chrome/63.0.3239.132 Safari/537.36"
::1 - - [17/Aug/2018:10:16:39 +0000] "GET /v1.0/words/word/5b766942ee920a003dfdbd4b HTTP/1.1" 200 60 "-" "Mozilla/5.0 (X11; Linux x86_64) AppleWebKit/537.36 (KHTML, like Gecko) Chrome/63.0.3239.132 Safari/537.36"
::1 - - [17/Aug/2018:10:17:02 +0000] "GET /v1.0/words/word/5b766942ee920a003dfdbd4b HTTP/1.1" - - "-" "Mozilla/5.0 (X11; Linux x86_64) AppleWebKit/537.36 (KHTML, like Gecko) Chrome/63.0.3239.132 Safari/537.36"
