::1 - - [16/Aug/2018:04:59:25 +0000] "POST /v1.0/user/code HTTP/1.1" 200 66 "-" "Mozilla/5.0 (X11; Linux x86_64) AppleWebKit/537.36 (KHTML, like Gecko) Chrome/63.0.3239.132 Safari/537.36"
::1 - - [16/Aug/2018:04:59:26 +0000] "POST /v1.0/user/code HTTP/1.1" 200 66 "-" "Mozilla/5.0 (X11; Linux x86_64) AppleWebKit/537.36 (KHTML, like Gecko) Chrome/63.0.3239.132 Safari/537.36"
::1 - - [16/Aug/2018:04:59:27 +0000] "POST /v1.0/user/code HTTP/1.1" 200 66 "-" "Mozilla/5.0 (X11; Linux x86_64) AppleWebKit/537.36 (KHTML, like Gecko) Chrome/63.0.3239.132 Safari/537.36"
::1 - - [16/Aug/2018:04:59:42 +0000] "POST /v1.0/user/code HTTP/1.1" 200 66 "-" "Mozilla/5.0 (X11; Linux x86_64) AppleWebKit/537.36 (KHTML, like Gecko) Chrome/63.0.3239.132 Safari/537.36"
::1 - - [16/Aug/2018:04:59:43 +0000] "POST /v1.0/user/code HTTP/1.1" 200 66 "-" "Mozilla/5.0 (X11; Linux x86_64) AppleWebKit/537.36 (KHTML, like Gecko) Chrome/63.0.3239.132 Safari/537.36"
::1 - - [16/Aug/2018:04:59:44 +0000] "POST /v1.0/user/code HTTP/1.1" 200 66 "-" "Mozilla/5.0 (X11; Linux x86_64) AppleWebKit/537.36 (KHTML, like Gecko) Chrome/63.0.3239.132 Safari/537.36"
::1 - - [16/Aug/2018:05:20:57 +0000] "POST /v1.0/user/code HTTP/1.1" 200 72 "-" "Mozilla/5.0 (X11; Linux x86_64) AppleWebKit/537.36 (KHTML, like Gecko) Chrome/63.0.3239.132 Safari/537.36"
::1 - - [16/Aug/2018:05:25:57 +0000] "POST /v1.0/word/type HTTP/1.1" 404 1238 "-" "Mozilla/5.0 (X11; Linux x86_64) AppleWebKit/537.36 (KHTML, like Gecko) Chrome/63.0.3239.132 Safari/537.36"
::1 - - [16/Aug/2018:05:26:04 +0000] "POST /v1.0/words/type HTTP/1.1" 200 54 "-" "Mozilla/5.0 (X11; Linux x86_64) AppleWebKit/537.36 (KHTML, like Gecko) Chrome/63.0.3239.132 Safari/537.36"
::1 - - [16/Aug/2018:05:26:07 +0000] "POST /v1.0/words/type HTTP/1.1" 200 54 "-" "Mozilla/5.0 (X11; Linux x86_64) AppleWebKit/537.36 (KHTML, like Gecko) Chrome/63.0.3239.132 Safari/537.36"
::1 - - [16/Aug/2018:05:26:09 +0000] "POST /v1.0/words/type HTTP/1.1" 200 54 "-" "Mozilla/5.0 (X11; Linux x86_64) AppleWebKit/537.36 (KHTML, like Gecko) Chrome/63.0.3239.132 Safari/537.36"
::1 - - [16/Aug/2018:05:32:44 +0000] "POST /v1.0/words/type HTTP/1.1" 400 38 "-" "Mozilla/5.0 (X11; Linux x86_64) AppleWebKit/537.36 (KHTML, like Gecko) Chrome/63.0.3239.132 Safari/537.36"
::1 - - [16/Aug/2018:05:32:45 +0000] "POST /v1.0/words/type HTTP/1.1" 400 38 "-" "Mozilla/5.0 (X11; Linux x86_64) AppleWebKit/537.36 (KHTML, like Gecko) Chrome/63.0.3239.132 Safari/537.36"
::1 - - [16/Aug/2018:05:32:46 +0000] "POST /v1.0/words/type HTTP/1.1" 400 38 "-" "Mozilla/5.0 (X11; Linux x86_64) AppleWebKit/537.36 (KHTML, like Gecko) Chrome/63.0.3239.132 Safari/537.36"
::1 - - [16/Aug/2018:05:32:47 +0000] "POST /v1.0/words/type HTTP/1.1" 400 38 "-" "Mozilla/5.0 (X11; Linux x86_64) AppleWebKit/537.36 (KHTML, like Gecko) Chrome/63.0.3239.132 Safari/537.36"
::1 - - [16/Aug/2018:05:34:32 +0000] "POST /v1.0/words/type HTTP/1.1" 400 38 "-" "Mozilla/5.0 (X11; Linux x86_64) AppleWebKit/537.36 (KHTML, like Gecko) Chrome/63.0.3239.132 Safari/537.36"
::1 - - [16/Aug/2018:05:35:50 +0000] "POST /v1.0/words/type HTTP/1.1" 400 198 "-" "Mozilla/5.0 (X11; Linux x86_64) AppleWebKit/537.36 (KHTML, like Gecko) Chrome/63.0.3239.132 Safari/537.36"
::1 - - [16/Aug/2018:05:36:04 +0000] "POST /v1.0/words/type HTTP/1.1" 400 198 "-" "Mozilla/5.0 (X11; Linux x86_64) AppleWebKit/537.36 (KHTML, like Gecko) Chrome/63.0.3239.132 Safari/537.36"
::1 - - [16/Aug/2018:05:36:05 +0000] "POST /v1.0/words/type HTTP/1.1" 400 198 "-" "Mozilla/5.0 (X11; Linux x86_64) AppleWebKit/537.36 (KHTML, like Gecko) Chrome/63.0.3239.132 Safari/537.36"
::1 - - [16/Aug/2018:05:36:06 +0000] "POST /v1.0/words/type HTTP/1.1" 400 198 "-" "Mozilla/5.0 (X11; Linux x86_64) AppleWebKit/537.36 (KHTML, like Gecko) Chrome/63.0.3239.132 Safari/537.36"
::1 - - [16/Aug/2018:06:13:00 +0000] "POST /v1.0/words/type HTTP/1.1" 403 31 "-" "Mozilla/5.0 (X11; Linux x86_64) AppleWebKit/537.36 (KHTML, like Gecko) Chrome/63.0.3239.132 Safari/537.36"
::1 - - [16/Aug/2018:06:13:42 +0000] "POST /v1.0/token HTTP/1.1" 500 86 "-" "Mozilla/5.0 (X11; Linux x86_64) AppleWebKit/537.36 (KHTML, like Gecko) Chrome/63.0.3239.132 Safari/537.36"
::1 - - [16/Aug/2018:06:14:19 +0000] "POST /v1.0/token HTTP/1.1" 500 38 "-" "Mozilla/5.0 (X11; Linux x86_64) AppleWebKit/537.36 (KHTML, like Gecko) Chrome/63.0.3239.132 Safari/537.36"
::1 - - [16/Aug/2018:06:14:23 +0000] "POST /v1.0/token HTTP/1.1" 200 310 "-" "Mozilla/5.0 (X11; Linux x86_64) AppleWebKit/537.36 (KHTML, like Gecko) Chrome/63.0.3239.132 Safari/537.36"
::1 - - [16/Aug/2018:06:14:42 +0000] "POST /v1.0/words/type HTTP/1.1" 403 48 "-" "Mozilla/5.0 (X11; Linux x86_64) AppleWebKit/537.36 (KHTML, like Gecko) Chrome/63.0.3239.132 Safari/537.36"
::1 - - [16/Aug/2018:06:14:53 +0000] "POST /v1.0/words/type HTTP/1.1" 400 198 "-" "Mozilla/5.0 (X11; Linux x86_64) AppleWebKit/537.36 (KHTML, like Gecko) Chrome/63.0.3239.132 Safari/537.36"
::1 - - [16/Aug/2018:06:15:27 +0000] "POST /v1.0/words/type HTTP/1.1" 200 54 "-" "Mozilla/5.0 (X11; Linux x86_64) AppleWebKit/537.36 (KHTML, like Gecko) Chrome/63.0.3239.132 Safari/537.36"
::1 - - [16/Aug/2018:06:15:30 +0000] "POST /v1.0/words/type HTTP/1.1" 200 54 "-" "Mozilla/5.0 (X11; Linux x86_64) AppleWebKit/537.36 (KHTML, like Gecko) Chrome/63.0.3239.132 Safari/537.36"
::1 - - [16/Aug/2018:06:18:59 +0000] "POST /v1.0/words/type HTTP/1.1" 200 54 "-" "Mozilla/5.0 (X11; Linux x86_64) AppleWebKit/537.36 (KHTML, like Gecko) Chrome/63.0.3239.132 Safari/537.36"
::1 - - [16/Aug/2018:06:20:17 +0000] "POST /v1.0/words/type HTTP/1.1" 200 65 "-" "Mozilla/5.0 (X11; Linux x86_64) AppleWebKit/537.36 (KHTML, like Gecko) Chrome/63.0.3239.132 Safari/537.36"
::1 - - [16/Aug/2018:06:20:30 +0000] "POST /v1.0/words/type HTTP/1.1" 200 54 "-" "Mozilla/5.0 (X11; Linux x86_64) AppleWebKit/537.36 (KHTML, like Gecko) Chrome/63.0.3239.132 Safari/537.36"
::1 - - [16/Aug/2018:06:25:21 +0000] "POST /v1.0/words/type HTTP/1.1" 200 222 "-" "Mozilla/5.0 (X11; Linux x86_64) AppleWebKit/537.36 (KHTML, like Gecko) Chrome/63.0.3239.132 Safari/537.36"
::1 - - [16/Aug/2018:06:25:43 +0000] "POST /v1.0/words/type HTTP/1.1" 200 65 "-" "Mozilla/5.0 (X11; Linux x86_64) AppleWebKit/537.36 (KHTML, like Gecko) Chrome/63.0.3239.132 Safari/537.36"
::1 - - [16/Aug/2018:06:25:47 +0000] "POST /v1.0/words/type HTTP/1.1" 200 65 "-" "Mozilla/5.0 (X11; Linux x86_64) AppleWebKit/537.36 (KHTML, like Gecko) Chrome/63.0.3239.132 Safari/537.36"
::1 - - [16/Aug/2018:06:25:52 +0000] "POST /v1.0/words/type HTTP/1.1" 200 223 "-" "Mozilla/5.0 (X11; Linux x86_64) AppleWebKit/537.36 (KHTML, like Gecko) Chrome/63.0.3239.132 Safari/537.36"
::1 - - [16/Aug/2018:06:26:08 +0000] "POST /v1.0/words/type HTTP/1.1" 200 65 "-" "Mozilla/5.0 (X11; Linux x86_64) AppleWebKit/537.36 (KHTML, like Gecko) Chrome/63.0.3239.132 Safari/537.36"
::1 - - [16/Aug/2018:06:26:25 +0000] "POST /v1.0/words/type HTTP/1.1" 200 223 "-" "Mozilla/5.0 (X11; Linux x86_64) AppleWebKit/537.36 (KHTML, like Gecko) Chrome/63.0.3239.132 Safari/537.36"
::1 - - [16/Aug/2018:06:26:30 +0000] "POST /v1.0/words/type HTTP/1.1" 200 65 "-" "Mozilla/5.0 (X11; Linux x86_64) AppleWebKit/537.36 (KHTML, like Gecko) Chrome/63.0.3239.132 Safari/537.36"
::1 - - [16/Aug/2018:06:26:32 +0000] "POST /v1.0/words/type HTTP/1.1" 200 65 "-" "Mozilla/5.0 (X11; Linux x86_64) AppleWebKit/537.36 (KHTML, like Gecko) Chrome/63.0.3239.132 Safari/537.36"
::1 - - [16/Aug/2018:06:26:50 +0000] "POST /v1.0/words/type HTTP/1.1" 200 223 "-" "Mozilla/5.0 (X11; Linux x86_64) AppleWebKit/537.36 (KHTML, like Gecko) Chrome/63.0.3239.132 Safari/537.36"
::1 - - [16/Aug/2018:06:26:55 +0000] "POST /v1.0/words/type HTTP/1.1" 200 65 "-" "Mozilla/5.0 (X11; Linux x86_64) AppleWebKit/537.36 (KHTML, like Gecko) Chrome/63.0.3239.132 Safari/537.36"
::1 - - [16/Aug/2018:06:26:56 +0000] "POST /v1.0/words/type HTTP/1.1" 200 65 "-" "Mozilla/5.0 (X11; Linux x86_64) AppleWebKit/537.36 (KHTML, like Gecko) Chrome/63.0.3239.132 Safari/537.36"
::1 - - [16/Aug/2018:06:27:02 +0000] "POST /v1.0/words/type HTTP/1.1" 200 65 "-" "Mozilla/5.0 (X11; Linux x86_64) AppleWebKit/537.36 (KHTML, like Gecko) Chrome/63.0.3239.132 Safari/537.36"
::1 - - [16/Aug/2018:06:40:51 +0000] "GET /v1.0/words/type HTTP/1.1" 403 31 "-" "Mozilla/5.0 (X11; Linux x86_64) AppleWebKit/537.36 (KHTML, like Gecko) Chrome/63.0.3239.132 Safari/537.36"
::1 - - [16/Aug/2018:06:40:52 +0000] "GET /v1.0/words/type HTTP/1.1" 403 31 "-" "Mozilla/5.0 (X11; Linux x86_64) AppleWebKit/537.36 (KHTML, like Gecko) Chrome/63.0.3239.132 Safari/537.36"
::1 - - [16/Aug/2018:06:40:53 +0000] "GET /v1.0/words/type HTTP/1.1" 403 31 "-" "Mozilla/5.0 (X11; Linux x86_64) AppleWebKit/537.36 (KHTML, like Gecko) Chrome/63.0.3239.132 Safari/537.36"
::1 - - [16/Aug/2018:06:41:48 +0000] "GET /v1.0/words/type HTTP/1.1" 200 225 "-" "Mozilla/5.0 (X11; Linux x86_64) AppleWebKit/537.36 (KHTML, like Gecko) Chrome/63.0.3239.132 Safari/537.36"
::1 - - [16/Aug/2018:07:46:22 +0000] "GET /v1.0/words/type HTTP/1.1" 200 51 "-" "Mozilla/5.0 (X11; Linux x86_64) AppleWebKit/537.36 (KHTML, like Gecko) Chrome/63.0.3239.132 Safari/537.36"
::1 - - [16/Aug/2018:07:46:24 +0000] "GET /v1.0/words/type HTTP/1.1" 200 51 "-" "Mozilla/5.0 (X11; Linux x86_64) AppleWebKit/537.36 (KHTML, like Gecko) Chrome/63.0.3239.132 Safari/537.36"
::1 - - [16/Aug/2018:07:49:30 +0000] "GET /v1.0/words/type HTTP/1.1" 200 52 "-" "Mozilla/5.0 (X11; Linux x86_64) AppleWebKit/537.36 (KHTML, like Gecko) Chrome/63.0.3239.132 Safari/537.36"
::1 - - [16/Aug/2018:07:50:05 +0000] "POST /v1.0/words/type HTTP/1.1" 200 222 "-" "Mozilla/5.0 (X11; Linux x86_64) AppleWebKit/537.36 (KHTML, like Gecko) Chrome/63.0.3239.132 Safari/537.36"
::1 - - [16/Aug/2018:07:50:10 +0000] "POST /v1.0/words/type HTTP/1.1" 200 222 "-" "Mozilla/5.0 (X11; Linux x86_64) AppleWebKit/537.36 (KHTML, like Gecko) Chrome/63.0.3239.132 Safari/537.36"
::1 - - [16/Aug/2018:07:50:16 +0000] "POST /v1.0/words/type HTTP/1.1" 200 222 "-" "Mozilla/5.0 (X11; Linux x86_64) AppleWebKit/537.36 (KHTML, like Gecko) Chrome/63.0.3239.132 Safari/537.36"
::1 - - [16/Aug/2018:07:50:18 +0000] "GET /v1.0/words/type HTTP/1.1" 200 570 "-" "Mozilla/5.0 (X11; Linux x86_64) AppleWebKit/537.36 (KHTML, like Gecko) Chrome/63.0.3239.132 Safari/537.36"
::1 - - [16/Aug/2018:07:53:05 +0000] "POST /v1.0/words/type HTTP/1.1" 200 77 "-" "Mozilla/5.0 (X11; Linux x86_64) AppleWebKit/537.36 (KHTML, like Gecko) Chrome/63.0.3239.132 Safari/537.36"
::1 - - [16/Aug/2018:07:53:28 +0000] "POST /v1.0/words/type HTTP/1.1" 200 76 "-" "Mozilla/5.0 (X11; Linux x86_64) AppleWebKit/537.36 (KHTML, like Gecko) Chrome/63.0.3239.132 Safari/537.36"
::1 - - [16/Aug/2018:07:54:13 +0000] "POST /v1.0/words/type HTTP/1.1" 200 65 "-" "Mozilla/5.0 (X11; Linux x86_64) AppleWebKit/537.36 (KHTML, like Gecko) Chrome/63.0.3239.132 Safari/537.36"
::1 - - [16/Aug/2018:07:54:20 +0000] "POST /v1.0/words/type HTTP/1.1" 200 65 "-" "Mozilla/5.0 (X11; Linux x86_64) AppleWebKit/537.36 (KHTML, like Gecko) Chrome/63.0.3239.132 Safari/537.36"
::1 - - [16/Aug/2018:07:54:30 +0000] "POST /v1.0/words/type HTTP/1.1" 200 65 "-" "Mozilla/5.0 (X11; Linux x86_64) AppleWebKit/537.36 (KHTML, like Gecko) Chrome/63.0.3239.132 Safari/537.36"
::1 - - [16/Aug/2018:07:55:18 +0000] "POST /v1.0/words/lawCluase HTTP/1.1" 404 1123 "-" "Mozilla/5.0 (X11; Linux x86_64) AppleWebKit/537.36 (KHTML, like Gecko) Chrome/63.0.3239.132 Safari/537.36"
::1 - - [16/Aug/2018:07:55:32 +0000] "POST /v1.0/words/lawClause HTTP/1.1" 403 31 "-" "Mozilla/5.0 (X11; Linux x86_64) AppleWebKit/537.36 (KHTML, like Gecko) Chrome/63.0.3239.132 Safari/537.36"
::1 - - [16/Aug/2018:07:55:33 +0000] "POST /v1.0/words/lawClause HTTP/1.1" 403 31 "-" "Mozilla/5.0 (X11; Linux x86_64) AppleWebKit/537.36 (KHTML, like Gecko) Chrome/63.0.3239.132 Safari/537.36"
::1 - - [16/Aug/2018:07:55:44 +0000] "POST /v1.0/words/lawClause HTTP/1.1" 403 23 "-" "Mozilla/5.0 (X11; Linux x86_64) AppleWebKit/537.36 (KHTML, like Gecko) Chrome/63.0.3239.132 Safari/537.36"
::1 - - [16/Aug/2018:07:55:47 +0000] "POST /v1.0/words/lawClause HTTP/1.1" 403 23 "-" "Mozilla/5.0 (X11; Linux x86_64) AppleWebKit/537.36 (KHTML, like Gecko) Chrome/63.0.3239.132 Safari/537.36"
::1 - - [16/Aug/2018:07:55:48 +0000] "POST /v1.0/words/lawClause HTTP/1.1" 403 23 "-" "Mozilla/5.0 (X11; Linux x86_64) AppleWebKit/537.36 (KHTML, like Gecko) Chrome/63.0.3239.132 Safari/537.36"
::1 - - [16/Aug/2018:07:56:08 +0000] "POST /v1.0/words/lawClause HTTP/1.1" - - "-" "Mozilla/5.0 (X11; Linux x86_64) AppleWebKit/537.36 (KHTML, like Gecko) Chrome/63.0.3239.132 Safari/537.36"
::1 - - [16/Aug/2018:07:56:18 +0000] "POST /v1.0/words/lawClause HTTP/1.1" 200 222 "-" "Mozilla/5.0 (X11; Linux x86_64) AppleWebKit/537.36 (KHTML, like Gecko) Chrome/63.0.3239.132 Safari/537.36"
::1 - - [16/Aug/2018:07:56:45 +0000] "POST /v1.0/words/lawClause HTTP/1.1" 403 23 "-" "Mozilla/5.0 (X11; Linux x86_64) AppleWebKit/537.36 (KHTML, like Gecko) Chrome/63.0.3239.132 Safari/537.36"
::1 - - [16/Aug/2018:07:56:55 +0000] "POST /v1.0/words/lawClause HTTP/1.1" 200 222 "-" "Mozilla/5.0 (X11; Linux x86_64) AppleWebKit/537.36 (KHTML, like Gecko) Chrome/63.0.3239.132 Safari/537.36"
::1 - - [16/Aug/2018:07:57:05 +0000] "POST /v1.0/words/lawClause HTTP/1.1" 200 38 "-" "Mozilla/5.0 (X11; Linux x86_64) AppleWebKit/537.36 (KHTML, like Gecko) Chrome/63.0.3239.132 Safari/537.36"
::1 - - [16/Aug/2018:07:57:48 +0000] "POST /v1.0/words/lawClause HTTP/1.1" 200 38 "-" "Mozilla/5.0 (X11; Linux x86_64) AppleWebKit/537.36 (KHTML, like Gecko) Chrome/63.0.3239.132 Safari/537.36"
::1 - - [16/Aug/2018:07:59:37 +0000] "POST /v1.0/words/lawClause HTTP/1.1" 200 38 "-" "Mozilla/5.0 (X11; Linux x86_64) AppleWebKit/537.36 (KHTML, like Gecko) Chrome/63.0.3239.132 Safari/537.36"
::1 - - [16/Aug/2018:07:59:38 +0000] "POST /v1.0/words/lawClause HTTP/1.1" 200 38 "-" "Mozilla/5.0 (X11; Linux x86_64) AppleWebKit/537.36 (KHTML, like Gecko) Chrome/63.0.3239.132 Safari/537.36"
::1 - - [16/Aug/2018:07:59:51 +0000] "POST /v1.0/words/lawClause HTTP/1.1" 200 67 "-" "Mozilla/5.0 (X11; Linux x86_64) AppleWebKit/537.36 (KHTML, like Gecko) Chrome/63.0.3239.132 Safari/537.36"
::1 - - [16/Aug/2018:08:03:17 +0000] "POST /v1.0/words/lawClause HTTP/1.1" 200 222 "-" "Mozilla/5.0 (X11; Linux x86_64) AppleWebKit/537.36 (KHTML, like Gecko) Chrome/63.0.3239.132 Safari/537.36"
::1 - - [16/Aug/2018:08:07:05 +0000] "POST /v1.0/words/type HTTP/1.1" 200 222 "-" "Mozilla/5.0 (X11; Linux x86_64) AppleWebKit/537.36 (KHTML, like Gecko) Chrome/63.0.3239.132 Safari/537.36"
::1 - - [16/Aug/2018:08:09:31 +0000] "POST /v1.0/token HTTP/1.1" 200 310 "-" "Mozilla/5.0 (X11; Linux x86_64) AppleWebKit/537.36 (KHTML, like Gecko) Chrome/63.0.3239.132 Safari/537.36"
::1 - - [16/Aug/2018:08:09:35 +0000] "POST /v1.0/words/lawClause HTTP/1.1" 200 418 "-" "Mozilla/5.0 (X11; Linux x86_64) AppleWebKit/537.36 (KHTML, like Gecko) Chrome/63.0.3239.132 Safari/537.36"
::1 - - [16/Aug/2018:08:10:08 +0000] "POST /v1.0/words/type HTTP/1.1" 200 65 "-" "Mozilla/5.0 (X11; Linux x86_64) AppleWebKit/537.36 (KHTML, like Gecko) Chrome/63.0.3239.132 Safari/537.36"
::1 - - [16/Aug/2018:08:10:15 +0000] "POST /v1.0/words/type HTTP/1.1" 200 222 "-" "Mozilla/5.0 (X11; Linux x86_64) AppleWebKit/537.36 (KHTML, like Gecko) Chrome/63.0.3239.132 Safari/537.36"
::1 - - [16/Aug/2018:08:10:18 +0000] "GET /v1.0/words/type HTTP/1.1" 200 916 "-" "Mozilla/5.0 (X11; Linux x86_64) AppleWebKit/537.36 (KHTML, like Gecko) Chrome/63.0.3239.132 Safari/537.36"
::1 - - [16/Aug/2018:08:10:22 +0000] "POST /v1.0/words/lawClause HTTP/1.1" 200 70 "-" "Mozilla/5.0 (X11; Linux x86_64) AppleWebKit/537.36 (KHTML, like Gecko) Chrome/63.0.3239.132 Safari/537.36"
::1 - - [16/Aug/2018:08:10:30 +0000] "POST /v1.0/words/lawClause HTTP/1.1" 200 418 "-" "Mozilla/5.0 (X11; Linux x86_64) AppleWebKit/537.36 (KHTML, like Gecko) Chrome/63.0.3239.132 Safari/537.36"
::1 - - [16/Aug/2018:08:13:45 +0000] "POST /v1.0/words/lawClause HTTP/1.1" 400 171 "-" "Mozilla/5.0 (X11; Linux x86_64) AppleWebKit/537.36 (KHTML, like Gecko) Chrome/63.0.3239.132 Safari/537.36"
::1 - - [16/Aug/2018:08:13:55 +0000] "POST /v1.0/words/lawClause HTTP/1.1" 200 418 "-" "Mozilla/5.0 (X11; Linux x86_64) AppleWebKit/537.36 (KHTML, like Gecko) Chrome/63.0.3239.132 Safari/537.36"
::1 - - [16/Aug/2018:08:58:39 +0000] "POST /v1.0/words/word HTTP/1.1" 400 107 "-" "Mozilla/5.0 (X11; Linux x86_64) AppleWebKit/537.36 (KHTML, like Gecko) Chrome/63.0.3239.132 Safari/537.36"
::1 - - [16/Aug/2018:09:06:03 +0000] "POST /v1.0/words/word HTTP/1.1" 400 107 "-" "Mozilla/5.0 (X11; Linux x86_64) AppleWebKit/537.36 (KHTML, like Gecko) Chrome/63.0.3239.132 Safari/537.36"
::1 - - [16/Aug/2018:09:06:17 +0000] "POST /v1.0/words/word HTTP/1.1" 400 947 "-" "Mozilla/5.0 (X11; Linux x86_64) AppleWebKit/537.36 (KHTML, like Gecko) Chrome/63.0.3239.132 Safari/537.36"
::1 - - [16/Aug/2018:09:07:20 +0000] "POST /v1.0/words/word HTTP/1.1" 200 54 "-" "Mozilla/5.0 (X11; Linux x86_64) AppleWebKit/537.36 (KHTML, like Gecko) Chrome/63.0.3239.132 Safari/537.36"
::1 - - [16/Aug/2018:09:08:19 +0000] "POST /v1.0/words/word HTTP/1.1" 200 68 "-" "Mozilla/5.0 (X11; Linux x86_64) AppleWebKit/537.36 (KHTML, like Gecko) Chrome/63.0.3239.132 Safari/537.36"
::1 - - [16/Aug/2018:09:08:53 +0000] "POST /v1.0/words/word HTTP/1.1" 200 54 "-" "Mozilla/5.0 (X11; Linux x86_64) AppleWebKit/537.36 (KHTML, like Gecko) Chrome/63.0.3239.132 Safari/537.36"
::1 - - [16/Aug/2018:09:10:38 +0000] "POST /v1.0/words/word HTTP/1.1" 200 54 "-" "Mozilla/5.0 (X11; Linux x86_64) AppleWebKit/537.36 (KHTML, like Gecko) Chrome/63.0.3239.132 Safari/537.36"
::1 - - [16/Aug/2018:09:10:47 +0000] "POST /v1.0/words/word HTTP/1.1" 403 84 "-" "Mozilla/5.0 (X11; Linux x86_64) AppleWebKit/537.36 (KHTML, like Gecko) Chrome/63.0.3239.132 Safari/537.36"
::1 - - [16/Aug/2018:09:10:55 +0000] "POST /v1.0/words/word HTTP/1.1" 200 54 "-" "Mozilla/5.0 (X11; Linux x86_64) AppleWebKit/537.36 (KHTML, like Gecko) Chrome/63.0.3239.132 Safari/537.36"
::1 - - [16/Aug/2018:09:12:20 +0000] "POST /v1.0/words/word HTTP/1.1" 200 54 "-" "Mozilla/5.0 (X11; Linux x86_64) AppleWebKit/537.36 (KHTML, like Gecko) Chrome/63.0.3239.132 Safari/537.36"
::1 - - [16/Aug/2018:09:12:45 +0000] "POST /v1.0/words/word HTTP/1.1" 400 955 "-" "Mozilla/5.0 (X11; Linux x86_64) AppleWebKit/537.36 (KHTML, like Gecko) Chrome/63.0.3239.132 Safari/537.36"
::1 - - [16/Aug/2018:09:12:55 +0000] "POST /v1.0/words/word HTTP/1.1" 400 154 "-" "Mozilla/5.0 (X11; Linux x86_64) AppleWebKit/537.36 (KHTML, like Gecko) Chrome/63.0.3239.132 Safari/537.36"
::1 - - [16/Aug/2018:09:13:19 +0000] "POST /v1.0/words/word HTTP/1.1" 400 154 "-" "Mozilla/5.0 (X11; Linux x86_64) AppleWebKit/537.36 (KHTML, like Gecko) Chrome/63.0.3239.132 Safari/537.36"
::1 - - [16/Aug/2018:09:13:31 +0000] "POST /v1.0/words/word HTTP/1.1" 400 108 "-" "Mozilla/5.0 (X11; Linux x86_64) AppleWebKit/537.36 (KHTML, like Gecko) Chrome/63.0.3239.132 Safari/537.36"
::1 - - [16/Aug/2018:09:13:31 +0000] "POST /v1.0/words/word HTTP/1.1" 400 108 "-" "Mozilla/5.0 (X11; Linux x86_64) AppleWebKit/537.36 (KHTML, like Gecko) Chrome/63.0.3239.132 Safari/537.36"
::1 - - [16/Aug/2018:09:13:32 +0000] "POST /v1.0/words/word HTTP/1.1" 400 108 "-" "Mozilla/5.0 (X11; Linux x86_64) AppleWebKit/537.36 (KHTML, like Gecko) Chrome/63.0.3239.132 Safari/537.36"
::1 - - [16/Aug/2018:09:13:54 +0000] "POST /v1.0/words/word HTTP/1.1" 400 154 "-" "Mozilla/5.0 (X11; Linux x86_64) AppleWebKit/537.36 (KHTML, like Gecko) Chrome/63.0.3239.132 Safari/537.36"
::1 - - [16/Aug/2018:09:13:55 +0000] "POST /v1.0/words/word HTTP/1.1" 400 154 "-" "Mozilla/5.0 (X11; Linux x86_64) AppleWebKit/537.36 (KHTML, like Gecko) Chrome/63.0.3239.132 Safari/537.36"
::1 - - [16/Aug/2018:09:13:56 +0000] "POST /v1.0/words/word HTTP/1.1" 400 154 "-" "Mozilla/5.0 (X11; Linux x86_64) AppleWebKit/537.36 (KHTML, like Gecko) Chrome/63.0.3239.132 Safari/537.36"
::1 - - [16/Aug/2018:09:13:57 +0000] "POST /v1.0/words/word HTTP/1.1" 400 154 "-" "Mozilla/5.0 (X11; Linux x86_64) AppleWebKit/537.36 (KHTML, like Gecko) Chrome/63.0.3239.132 Safari/537.36"
::1 - - [16/Aug/2018:09:14:06 +0000] "POST /v1.0/words/word HTTP/1.1" 400 154 "-" "Mozilla/5.0 (X11; Linux x86_64) AppleWebKit/537.36 (KHTML, like Gecko) Chrome/63.0.3239.132 Safari/537.36"
::1 - - [16/Aug/2018:09:14:08 +0000] "POST /v1.0/words/word HTTP/1.1" 400 154 "-" "Mozilla/5.0 (X11; Linux x86_64) AppleWebKit/537.36 (KHTML, like Gecko) Chrome/63.0.3239.132 Safari/537.36"
::1 - - [16/Aug/2018:09:14:28 +0000] "POST /v1.0/words/word HTTP/1.1" 400 947 "-" "Mozilla/5.0 (X11; Linux x86_64) AppleWebKit/537.36 (KHTML, like Gecko) Chrome/63.0.3239.132 Safari/537.36"
::1 - - [16/Aug/2018:09:14:36 +0000] "POST /v1.0/words/word HTTP/1.1" - - "-" "Mozilla/5.0 (X11; Linux x86_64) AppleWebKit/537.36 (KHTML, like Gecko) Chrome/63.0.3239.132 Safari/537.36"
::1 - - [16/Aug/2018:09:15:19 +0000] "POST /v1.0/words/word HTTP/1.1" 400 154 "-" "Mozilla/5.0 (X11; Linux x86_64) AppleWebKit/537.36 (KHTML, like Gecko) Chrome/63.0.3239.132 Safari/537.36"
::1 - - [16/Aug/2018:09:15:59 +0000] "POST /v1.0/words/word HTTP/1.1" 400 108 "-" "Mozilla/5.0 (X11; Linux x86_64) AppleWebKit/537.36 (KHTML, like Gecko) Chrome/63.0.3239.132 Safari/537.36"
::1 - - [16/Aug/2018:09:16:21 +0000] "POST /v1.0/words/word HTTP/1.1" 400 154 "-" "Mozilla/5.0 (X11; Linux x86_64) AppleWebKit/537.36 (KHTML, like Gecko) Chrome/63.0.3239.132 Safari/537.36"
::1 - - [16/Aug/2018:09:16:27 +0000] "POST /v1.0/words/word HTTP/1.1" 200 54 "-" "Mozilla/5.0 (X11; Linux x86_64) AppleWebKit/537.36 (KHTML, like Gecko) Chrome/63.0.3239.132 Safari/537.36"
::1 - - [16/Aug/2018:09:18:36 +0000] "POST /v1.0/words/word HTTP/1.1" 400 154 "-" "Mozilla/5.0 (X11; Linux x86_64) AppleWebKit/537.36 (KHTML, like Gecko) Chrome/63.0.3239.132 Safari/537.36"
::1 - - [16/Aug/2018:09:18:40 +0000] "POST /v1.0/words/word HTTP/1.1" 400 154 "-" "Mozilla/5.0 (X11; Linux x86_64) AppleWebKit/537.36 (KHTML, like Gecko) Chrome/63.0.3239.132 Safari/537.36"
::1 - - [16/Aug/2018:09:18:40 +0000] "POST /v1.0/words/word HTTP/1.1" 400 154 "-" "Mozilla/5.0 (X11; Linux x86_64) AppleWebKit/537.36 (KHTML, like Gecko) Chrome/63.0.3239.132 Safari/537.36"
::1 - - [16/Aug/2018:09:18:41 +0000] "POST /v1.0/words/word HTTP/1.1" 400 154 "-" "Mozilla/5.0 (X11; Linux x86_64) AppleWebKit/537.36 (KHTML, like Gecko) Chrome/63.0.3239.132 Safari/537.36"
::1 - - [16/Aug/2018:09:18:42 +0000] "POST /v1.0/words/word HTTP/1.1" 400 154 "-" "Mozilla/5.0 (X11; Linux x86_64) AppleWebKit/537.36 (KHTML, like Gecko) Chrome/63.0.3239.132 Safari/537.36"
::1 - - [16/Aug/2018:09:19:23 +0000] "POST /v1.0/words/word HTTP/1.1" 200 68 "-" "Mozilla/5.0 (X11; Linux x86_64) AppleWebKit/537.36 (KHTML, like Gecko) Chrome/63.0.3239.132 Safari/537.36"
::1 - - [16/Aug/2018:09:19:25 +0000] "POST /v1.0/words/word HTTP/1.1" 200 68 "-" "Mozilla/5.0 (X11; Linux x86_64) AppleWebKit/537.36 (KHTML, like Gecko) Chrome/63.0.3239.132 Safari/537.36"
::1 - - [16/Aug/2018:09:19:40 +0000] "POST /v1.0/words/word HTTP/1.1" 200 54 "-" "Mozilla/5.0 (X11; Linux x86_64) AppleWebKit/537.36 (KHTML, like Gecko) Chrome/63.0.3239.132 Safari/537.36"
::1 - - [16/Aug/2018:09:22:33 +0000] "GET /v1.0/words/type HTTP/1.1" 200 916 "-" "Mozilla/5.0 (X11; Linux x86_64) AppleWebKit/537.36 (KHTML, like Gecko) Chrome/63.0.3239.132 Safari/537.36"
::1 - - [16/Aug/2018:09:46:59 +0000] "POST /v1.0/words/lawClause HTTP/1.1" 200 418 "-" "Mozilla/5.0 (X11; Linux x86_64) AppleWebKit/537.36 (KHTML, like Gecko) Chrome/63.0.3239.132 Safari/537.36"
::1 - - [16/Aug/2018:09:47:04 +0000] "POST /v1.0/words/lawClause HTTP/1.1" 200 418 "-" "Mozilla/5.0 (X11; Linux x86_64) AppleWebKit/537.36 (KHTML, like Gecko) Chrome/63.0.3239.132 Safari/537.36"
::1 - - [16/Aug/2018:09:47:09 +0000] "POST /v1.0/words/lawClause HTTP/1.1" 200 418 "-" "Mozilla/5.0 (X11; Linux x86_64) AppleWebKit/537.36 (KHTML, like Gecko) Chrome/63.0.3239.132 Safari/537.36"
::1 - - [16/Aug/2018:11:03:45 +0000] "POST /v1.0/words/lawClause HTTP/1.1" 200 70 "-" "Mozilla/5.0 (X11; Linux x86_64) AppleWebKit/537.36 (KHTML, like Gecko) Chrome/63.0.3239.132 Safari/537.36"
::1 - - [16/Aug/2018:11:03:53 +0000] "POST /v1.0/words/lawClause HTTP/1.1" 200 418 "-" "Mozilla/5.0 (X11; Linux x86_64) AppleWebKit/537.36 (KHTML, like Gecko) Chrome/63.0.3239.132 Safari/537.36"
